#
# There is insufficient memory for the Java Runtime Environment to continue.
# Native memory allocation (malloc) failed to allocate 1491056 bytes. Error detail: Chunk::new
# Possible reasons:
#   The system is out of physical RAM or swap space
#   This process is running with CompressedOops enabled, and the Java Heap may be blocking the growth of the native heap
# Possible solutions:
#   Reduce memory load on the system
#   Increase physical memory or swap space
#   Check if swap backing store is full
#   Decrease Java heap size (-Xmx/-Xms)
#   Decrease number of Java threads
#   Decrease Java thread stack sizes (-Xss)
#   Set larger code cache with -XX:ReservedCodeCacheSize=
#   JVM is running with Zero Based Compressed Oops mode in which the Java heap is
#     placed in the first 32GB address space. The Java Heap base address is the
#     maximum limit for the native heap growth. Please use -XX:HeapBaseMinAddress
#     to set the Java Heap base and to place the Java Heap above 32GB virtual address.
# This output file may be truncated or incomplete.
#
#  Out of Memory Error (arena.cpp:191), pid=12688, tid=25180
#
# JRE version: OpenJDK Runtime Environment Corretto-17.0.12.7.1 (17.0.12+7) (build 17.0.12+7-LTS)
# Java VM: OpenJDK 64-Bit Server VM Corretto-17.0.12.7.1 (17.0.12+7-LTS, mixed mode, sharing, tiered, compressed oops, compressed class ptrs, g1 gc, windows-amd64)
# No core dump will be written. Minidumps are not enabled by default on client versions of Windows
#

---------------  S U M M A R Y ------------

Command Line: -javaagent:C:\Program Files\JetBrains\IntelliJ IDEA Community Edition 2024.2\lib\idea_rt.jar=9458:C:\Program Files\JetBrains\IntelliJ IDEA Community Edition 2024.2\bin -Dfile.encoding=UTF-8 com.movie.rock.RockApplication

Host: 12th Gen Intel(R) Core(TM) i7-12700H, 20 cores, 15G,  Windows 11 , 64 bit Build 22621 (10.0.22621.3958)
Time: Mon Aug 26 15:42:27 2024  Windows 11 , 64 bit Build 22621 (10.0.22621.3958) elapsed time: 1337.069870 seconds (0d 0h 22m 17s)

---------------  T H R E A D  ---------------

Current thread (0x00000225382b3ad0):  JavaThread "C2 CompilerThread0" daemon [_thread_in_native, id=25180, stack(0x0000006140b00000,0x0000006140c00000)]


Current CompileTask:
C2:1337070 18518   !   4       org.hibernate.sql.results.spi.ListResultsConsumer::consume (734 bytes)

Stack: [0x0000006140b00000,0x0000006140c00000]
Native frames: (J=compiled Java code, j=interpreted, Vv=VM code, C=native code)
V  [jvm.dll+0x67f4f9]
V  [jvm.dll+0x836eaa]
V  [jvm.dll+0x83896e]
V  [jvm.dll+0x838fd3]
V  [jvm.dll+0x247f6f]
V  [jvm.dll+0xac9d4]
V  [jvm.dll+0xad01c]
V  [jvm.dll+0x367042]
V  [jvm.dll+0x1bd266]
V  [jvm.dll+0x21a659]
V  [jvm.dll+0x219941]
V  [jvm.dll+0x1a57bd]
V  [jvm.dll+0x22966d]
V  [jvm.dll+0x22781c]
V  [jvm.dll+0x7ebec7]
V  [jvm.dll+0x7e62ac]
V  [jvm.dll+0x67e3c7]
C  [ucrtbase.dll+0x29333]
C  [KERNEL32.DLL+0x1257d]
C  [ntdll.dll+0x5af28]


---------------  P R O C E S S  ---------------

Threads class SMR info:
_java_thread_list=0x00000225015eafa0, length=36, elements={
0x000002253828f5e0, 0x0000022538290460, 0x00000225382acc70, 0x00000225382ad740,
0x00000225382b0110, 0x00000225382b0ce0, 0x00000225382b3ad0, 0x00000225382b7a80,
0x00000225382ba490, 0x000002257a2a1330, 0x000002257a3fb260, 0x000002257a3fb740,
0x0000022503158ee0, 0x0000022500281b90, 0x0000022500282ac0, 0x000002250027f310,
0x0000022500280240, 0x0000022500280750, 0x0000022505a4b090, 0x0000022505a4de20,
0x0000022505a4b5a0, 0x0000022505a4a160, 0x0000022505a473d0, 0x0000022505a49230,
0x0000022505a4cef0, 0x0000022505a4c9e0, 0x0000022505a48810, 0x0000022505a48d20,
0x0000022505a49740, 0x0000022505a4bab0, 0x0000022505a4d400, 0x0000022505a4bfc0,
0x0000022505a49c50, 0x0000022505a478e0, 0x0000022505a18e40, 0x0000022505a15e70
}

Java Threads: ( => current thread )
  0x000002253828f5e0 JavaThread "Reference Handler" daemon [_thread_blocked, id=31048, stack(0x0000006140500000,0x0000006140600000)]
  0x0000022538290460 JavaThread "Finalizer" daemon [_thread_blocked, id=22452, stack(0x0000006140600000,0x0000006140700000)]
  0x00000225382acc70 JavaThread "Signal Dispatcher" daemon [_thread_blocked, id=14136, stack(0x0000006140700000,0x0000006140800000)]
  0x00000225382ad740 JavaThread "Attach Listener" daemon [_thread_blocked, id=8008, stack(0x0000006140800000,0x0000006140900000)]
  0x00000225382b0110 JavaThread "Service Thread" daemon [_thread_blocked, id=38212, stack(0x0000006140900000,0x0000006140a00000)]
  0x00000225382b0ce0 JavaThread "Monitor Deflation Thread" daemon [_thread_blocked, id=14068, stack(0x0000006140a00000,0x0000006140b00000)]
=>0x00000225382b3ad0 JavaThread "C2 CompilerThread0" daemon [_thread_in_native, id=25180, stack(0x0000006140b00000,0x0000006140c00000)]
  0x00000225382b7a80 JavaThread "C1 CompilerThread0" daemon [_thread_blocked, id=19528, stack(0x0000006140c00000,0x0000006140d00000)]
  0x00000225382ba490 JavaThread "Sweeper thread" daemon [_thread_blocked, id=39632, stack(0x0000006140d00000,0x0000006140e00000)]
  0x000002257a2a1330 JavaThread "Common-Cleaner" daemon [_thread_blocked, id=29080, stack(0x0000006140f00000,0x0000006141000000)]
  0x000002257a3fb260 JavaThread "Monitor Ctrl-Break" daemon [_thread_in_native, id=24548, stack(0x0000006141200000,0x0000006141300000)]
  0x000002257a3fb740 JavaThread "Notification Thread" daemon [_thread_blocked, id=12392, stack(0x0000006141300000,0x0000006141400000)]
  0x0000022503158ee0 JavaThread "mysql-cj-abandoned-connection-cleanup" daemon [_thread_blocked, id=28916, stack(0x0000006142c00000,0x0000006142d00000)]
  0x0000022500281b90 JavaThread "HikariPool-1 housekeeper" daemon [_thread_blocked, id=10824, stack(0x0000006142d00000,0x0000006142e00000)]
  0x0000022500282ac0 JavaThread "Catalina-utility-1" [_thread_blocked, id=8268, stack(0x0000006142900000,0x0000006142a00000)]
  0x000002250027f310 JavaThread "Catalina-utility-2" [_thread_blocked, id=24160, stack(0x0000006142a00000,0x0000006142b00000)]
  0x0000022500280240 JavaThread "container-0" [_thread_blocked, id=23852, stack(0x0000006142f00000,0x0000006143000000)]
  0x0000022500280750 JavaThread "File Watcher" daemon [_thread_in_native, id=41368, stack(0x0000006140e00000,0x0000006140f00000)]
  0x0000022505a4b090 JavaThread "Live Reload Server" daemon [_thread_in_native, id=25732, stack(0x0000006141500000,0x0000006141600000)]
  0x0000022505a4de20 JavaThread "MessageBroker-1" [_thread_blocked, id=36052, stack(0x0000006141000000,0x0000006141100000)]
  0x0000022505a4b5a0 JavaThread "http-nio-8080-exec-1" daemon [_thread_in_native, id=11644, stack(0x0000006142800000,0x0000006142900000)]
  0x0000022505a4a160 JavaThread "http-nio-8080-exec-2" daemon [_thread_blocked, id=40376, stack(0x0000006142e00000,0x0000006142f00000)]
  0x0000022505a473d0 JavaThread "http-nio-8080-exec-3" daemon [_thread_in_native, id=18804, stack(0x0000006143000000,0x0000006143100000)]
  0x0000022505a49230 JavaThread "http-nio-8080-exec-4" daemon [_thread_in_native, id=12820, stack(0x0000006143100000,0x0000006143200000)]
  0x0000022505a4cef0 JavaThread "http-nio-8080-exec-5" daemon [_thread_blocked, id=21696, stack(0x0000006143200000,0x0000006143300000)]
  0x0000022505a4c9e0 JavaThread "http-nio-8080-exec-6" daemon [_thread_in_native, id=17788, stack(0x0000006143300000,0x0000006143400000)]
  0x0000022505a48810 JavaThread "http-nio-8080-exec-7" daemon [_thread_in_native, id=31284, stack(0x0000006143400000,0x0000006143500000)]
  0x0000022505a48d20 JavaThread "http-nio-8080-exec-8" daemon [_thread_in_native, id=37608, stack(0x0000006143500000,0x0000006143600000)]
  0x0000022505a49740 JavaThread "http-nio-8080-exec-9" daemon [_thread_in_native, id=8124, stack(0x0000006143700000,0x0000006143800000)]
  0x0000022505a4bab0 JavaThread "http-nio-8080-exec-10" daemon [_thread_in_native, id=38976, stack(0x0000006143800000,0x0000006143900000)]
  0x0000022505a4d400 JavaThread "http-nio-8080-Poller" daemon [_thread_in_native, id=20796, stack(0x0000006143900000,0x0000006143a00000)]
  0x0000022505a4bfc0 JavaThread "http-nio-8080-Acceptor" daemon [_thread_in_native, id=9744, stack(0x0000006143a00000,0x0000006143b00000)]
  0x0000022505a49c50 JavaThread "DestroyJavaVM" [_thread_blocked, id=37436, stack(0x000000613fe00000,0x000000613ff00000)]
  0x0000022505a478e0 JavaThread "MessageBroker-2" [_thread_blocked, id=31632, stack(0x000000613fc00000,0x000000613fd00000)]
  0x0000022505a18e40 JavaThread "C2 CompilerThread1" daemon [_thread_blocked, id=1684, stack(0x000000613fb00000,0x000000613fc00000)]
  0x0000022505a15e70 JavaThread "C2 CompilerThread2" daemon [_thread_blocked, id=14220, stack(0x000000613fd00000,0x000000613fe00000)]

Other Threads:
  0x00000225382889c0 VMThread "VM Thread" [stack: 0x0000006140400000,0x0000006140500000] [id=27684]
  0x000002257a3fd020 WatcherThread [stack: 0x0000006141400000,0x0000006141500000] [id=40268]
  0x0000022514f31420 GCTaskThread "GC Thread#0" [stack: 0x000000613ff00000,0x0000006140000000] [id=6984]
  0x000002257f2c3d50 GCTaskThread "GC Thread#1" [stack: 0x0000006141600000,0x0000006141700000] [id=23208]
  0x000002257f2c4010 GCTaskThread "GC Thread#2" [stack: 0x0000006141700000,0x0000006141800000] [id=5960]
  0x000002257f2c4750 GCTaskThread "GC Thread#3" [stack: 0x0000006141800000,0x0000006141900000] [id=25152]
  0x000002257f26f2b0 GCTaskThread "GC Thread#4" [stack: 0x0000006141900000,0x0000006141a00000] [id=21564]
  0x000002257f26fdf0 GCTaskThread "GC Thread#5" [stack: 0x0000006141a00000,0x0000006141b00000] [id=7384]
  0x000002257fdc7ff0 GCTaskThread "GC Thread#6" [stack: 0x0000006141e00000,0x0000006141f00000] [id=11500]
  0x000002257fca6390 GCTaskThread "GC Thread#7" [stack: 0x0000006141f00000,0x0000006142000000] [id=3548]
  0x000002257f980460 GCTaskThread "GC Thread#8" [stack: 0x0000006142000000,0x0000006142100000] [id=35560]
  0x00000225000db100 GCTaskThread "GC Thread#9" [stack: 0x0000006142100000,0x0000006142200000] [id=17004]
  0x000002257fd9bf30 GCTaskThread "GC Thread#10" [stack: 0x0000006142200000,0x0000006142300000] [id=37832]
  0x000002257fca1060 GCTaskThread "GC Thread#11" [stack: 0x0000006142300000,0x0000006142400000] [id=28264]
  0x000002257ff8d970 GCTaskThread "GC Thread#12" [stack: 0x0000006142400000,0x0000006142500000] [id=35316]
  0x000002257fdfbba0 GCTaskThread "GC Thread#13" [stack: 0x0000006142500000,0x0000006142600000] [id=3200]
  0x00000225000b4620 GCTaskThread "GC Thread#14" [stack: 0x0000006141d00000,0x0000006141e00000] [id=34112]
  0x0000022514f41f00 ConcurrentGCThread "G1 Main Marker" [stack: 0x0000006140000000,0x0000006140100000] [id=12972]
  0x0000022514f430c0 ConcurrentGCThread "G1 Conc#0" [stack: 0x0000006140100000,0x0000006140200000] [id=36456]
  0x0000022500443e40 ConcurrentGCThread "G1 Conc#1" [stack: 0x0000006141100000,0x0000006141200000] [id=11212]
  0x000002257ff1f470 ConcurrentGCThread "G1 Conc#2" [stack: 0x0000006142600000,0x0000006142700000] [id=25808]
  0x00000225001b9610 ConcurrentGCThread "G1 Conc#3" [stack: 0x0000006142700000,0x0000006142800000] [id=15132]
  0x00000225381baa60 ConcurrentGCThread "G1 Refine#0" [stack: 0x0000006140200000,0x0000006140300000] [id=29132]
  0x00000225037bfb30 ConcurrentGCThread "G1 Refine#1" [stack: 0x0000006143600000,0x0000006143700000] [id=13020]
  0x00000225037bdae0 ConcurrentGCThread "G1 Refine#2" [stack: 0x0000006141b00000,0x0000006141c00000] [id=3932]
  0x00000225037bd7f0 ConcurrentGCThread "G1 Refine#3" [stack: 0x0000006141c00000,0x0000006141d00000] [id=38764]
  0x00000225381bd4a0 ConcurrentGCThread "G1 Service" [stack: 0x0000006140300000,0x0000006140400000] [id=34072]

Threads with active compile tasks:
C2 CompilerThread0  1337105 18518   !   4       org.hibernate.sql.results.spi.ListResultsConsumer::consume (734 bytes)

VM state: not at safepoint (normal execution)

VM Mutex/Monitor currently owned by a thread: None

Heap address: 0x0000000705400000, size: 4012 MB, Compressed Oops mode: Zero based, Oop shift amount: 3

CDS archive(s) mapped at: [0x0000022539000000-0x0000022539bb0000-0x0000022539bb0000), size 12255232, SharedBaseAddress: 0x0000022539000000, ArchiveRelocationMode: 1.
Compressed class space mapped at: 0x000002253a000000-0x000002257a000000, reserved size: 1073741824
Narrow klass base: 0x0000022539000000, Narrow klass shift: 0, Narrow klass range: 0x100000000

GC Precious Log:
 CPUs: 20 total, 20 available
 Memory: 16044M
 Large Page Support: Disabled
 NUMA Support: Disabled
 Compressed Oops: Enabled (Zero based)
 Heap Region Size: 2M
 Heap Min Capacity: 8M
 Heap Initial Capacity: 252M
 Heap Max Capacity: 4012M
 Pre-touch: Disabled
 Parallel Workers: 15
 Concurrent Workers: 4
 Concurrent Refinement Workers: 15
 Periodic GC: Disabled

Heap:
 garbage-first heap   total 477184K, used 155682K [0x0000000705400000, 0x0000000800000000)
  region size 2048K, 28 young (57344K), 2 survivors (4096K)
 Metaspace       used 94435K, committed 95168K, reserved 1179648K
  class space    used 12320K, committed 12672K, reserved 1048576K

Heap Regions: E=young(eden), S=young(survivor), O=old, HS=humongous(starts), HC=humongous(continues), CS=collection set, F=free, OA=open archive, CA=closed archive, TAMS=top-at-mark-start (previous, next)
|   0|0x0000000705400000, 0x0000000705600000, 0x0000000705600000|100%| O|  |TAMS 0x0000000705600000, 0x0000000705400000| Untracked 
|   1|0x0000000705600000, 0x0000000705800000, 0x0000000705800000|100%| O|  |TAMS 0x0000000705800000, 0x0000000705600000| Untracked 
|   2|0x0000000705800000, 0x0000000705a00000, 0x0000000705a00000|100%| O|  |TAMS 0x0000000705a00000, 0x0000000705800000| Untracked 
|   3|0x0000000705a00000, 0x0000000705c00000, 0x0000000705c00000|100%| O|  |TAMS 0x0000000705c00000, 0x0000000705a00000| Untracked 
|   4|0x0000000705c00000, 0x0000000705e00000, 0x0000000705e00000|100%| O|  |TAMS 0x0000000705e00000, 0x0000000705c00000| Untracked 
|   5|0x0000000705e00000, 0x0000000706000000, 0x0000000706000000|100%| O|  |TAMS 0x0000000706000000, 0x0000000705e00000| Untracked 
|   6|0x0000000706000000, 0x0000000706200000, 0x0000000706200000|100%| O|  |TAMS 0x0000000706200000, 0x0000000706000000| Untracked 
|   7|0x0000000706200000, 0x0000000706400000, 0x0000000706400000|100%| O|  |TAMS 0x0000000706400000, 0x0000000706200000| Untracked 
|   8|0x0000000706400000, 0x0000000706600000, 0x0000000706600000|100%| O|  |TAMS 0x0000000706600000, 0x0000000706400000| Untracked 
|   9|0x0000000706600000, 0x0000000706800000, 0x0000000706800000|100%| O|  |TAMS 0x0000000706800000, 0x0000000706600000| Untracked 
|  10|0x0000000706800000, 0x0000000706a00000, 0x0000000706a00000|100%| O|  |TAMS 0x0000000706a00000, 0x0000000706800000| Untracked 
|  11|0x0000000706a00000, 0x0000000706c00000, 0x0000000706c00000|100%| O|  |TAMS 0x0000000706c00000, 0x0000000706a00000| Untracked 
|  12|0x0000000706c00000, 0x0000000706e00000, 0x0000000706e00000|100%| O|  |TAMS 0x0000000706e00000, 0x0000000706c00000| Untracked 
|  13|0x0000000706e00000, 0x0000000707000000, 0x0000000707000000|100%| O|  |TAMS 0x0000000707000000, 0x0000000706e00000| Untracked 
|  14|0x0000000707000000, 0x0000000707200000, 0x0000000707200000|100%| O|  |TAMS 0x0000000707200000, 0x0000000707000000| Untracked 
|  15|0x0000000707200000, 0x0000000707400000, 0x0000000707400000|100%| O|  |TAMS 0x0000000707400000, 0x0000000707200000| Untracked 
|  16|0x0000000707400000, 0x0000000707600000, 0x0000000707600000|100%| O|  |TAMS 0x0000000707600000, 0x0000000707400000| Untracked 
|  17|0x0000000707600000, 0x0000000707800000, 0x0000000707800000|100%| O|  |TAMS 0x0000000707800000, 0x0000000707600000| Untracked 
|  18|0x0000000707800000, 0x0000000707a00000, 0x0000000707a00000|100%| O|  |TAMS 0x0000000707800000, 0x0000000707800000| Untracked 
|  19|0x0000000707a00000, 0x0000000707c00000, 0x0000000707c00000|100%| O|  |TAMS 0x0000000707c00000, 0x0000000707a00000| Untracked 
|  20|0x0000000707c00000, 0x0000000707e00000, 0x0000000707e00000|100%| O|  |TAMS 0x0000000707c00000, 0x0000000707c00000| Untracked 
|  21|0x0000000707e00000, 0x0000000708000000, 0x0000000708000000|100%| O|  |TAMS 0x0000000707e00000, 0x0000000707e00000| Untracked 
|  22|0x0000000708000000, 0x0000000708200000, 0x0000000708200000|100%| O|  |TAMS 0x0000000708000000, 0x0000000708000000| Untracked 
|  23|0x0000000708200000, 0x0000000708400000, 0x0000000708400000|100%| O|  |TAMS 0x0000000708200000, 0x0000000708200000| Untracked 
|  24|0x0000000708400000, 0x0000000708600000, 0x0000000708600000|100%| O|  |TAMS 0x0000000708600000, 0x0000000708400000| Untracked 
|  25|0x0000000708600000, 0x0000000708800000, 0x0000000708800000|100%| O|  |TAMS 0x0000000708600000, 0x0000000708600000| Untracked 
|  26|0x0000000708800000, 0x0000000708a00000, 0x0000000708a00000|100%| O|  |TAMS 0x0000000708a00000, 0x0000000708800000| Untracked 
|  27|0x0000000708a00000, 0x0000000708c00000, 0x0000000708c00000|100%| O|  |TAMS 0x0000000708c00000, 0x0000000708a00000| Untracked 
|  28|0x0000000708c00000, 0x0000000708e00000, 0x0000000708e00000|100%| O|  |TAMS 0x0000000708e00000, 0x0000000708c00000| Untracked 
|  29|0x0000000708e00000, 0x0000000709000000, 0x0000000709000000|100%| O|  |TAMS 0x0000000709000000, 0x0000000708e00000| Untracked 
|  30|0x0000000709000000, 0x0000000709200000, 0x0000000709200000|100%| O|  |TAMS 0x0000000709200000, 0x0000000709000000| Untracked 
|  31|0x0000000709200000, 0x0000000709400000, 0x0000000709400000|100%| O|  |TAMS 0x0000000709400000, 0x0000000709200000| Untracked 
|  32|0x0000000709400000, 0x0000000709600000, 0x0000000709600000|100%| O|  |TAMS 0x0000000709600000, 0x0000000709400000| Untracked 
|  33|0x0000000709600000, 0x0000000709800000, 0x0000000709800000|100%| O|  |TAMS 0x0000000709800000, 0x0000000709600000| Untracked 
|  34|0x0000000709800000, 0x0000000709a00000, 0x0000000709a00000|100%| O|  |TAMS 0x0000000709a00000, 0x0000000709800000| Untracked 
|  35|0x0000000709a00000, 0x0000000709c00000, 0x0000000709c00000|100%| O|  |TAMS 0x0000000709c00000, 0x0000000709a00000| Untracked 
|  36|0x0000000709c00000, 0x0000000709d06400, 0x0000000709e00000| 51%| O|  |TAMS 0x0000000709c00000, 0x0000000709c00000| Untracked 
|  37|0x0000000709e00000, 0x0000000709e00000, 0x000000070a000000|  0%| F|  |TAMS 0x0000000709e00000, 0x0000000709e00000| Untracked 
|  38|0x000000070a000000, 0x000000070a200000, 0x000000070a200000|100%| O|  |TAMS 0x000000070a000000, 0x000000070a000000| Untracked 
|  39|0x000000070a200000, 0x000000070a400000, 0x000000070a400000|100%| O|  |TAMS 0x000000070a200000, 0x000000070a200000| Untracked 
|  40|0x000000070a400000, 0x000000070a600000, 0x000000070a600000|100%| O|  |TAMS 0x000000070a600000, 0x000000070a400000| Untracked 
|  41|0x000000070a600000, 0x000000070a800000, 0x000000070a800000|100%| O|  |TAMS 0x000000070a800000, 0x000000070a600000| Untracked 
|  42|0x000000070a800000, 0x000000070aa00000, 0x000000070aa00000|100%| O|  |TAMS 0x000000070a800000, 0x000000070a800000| Untracked 
|  43|0x000000070aa00000, 0x000000070aa00000, 0x000000070ac00000|  0%| F|  |TAMS 0x000000070aa00000, 0x000000070aa00000| Untracked 
|  44|0x000000070ac00000, 0x000000070ae00000, 0x000000070ae00000|100%| O|  |TAMS 0x000000070ac00000, 0x000000070ac00000| Untracked 
|  45|0x000000070ae00000, 0x000000070ae00000, 0x000000070b000000|  0%| F|  |TAMS 0x000000070ae00000, 0x000000070ae00000| Untracked 
|  46|0x000000070b000000, 0x000000070b000000, 0x000000070b200000|  0%| F|  |TAMS 0x000000070b000000, 0x000000070b000000| Untracked 
|  47|0x000000070b200000, 0x000000070b200000, 0x000000070b400000|  0%| F|  |TAMS 0x000000070b200000, 0x000000070b200000| Untracked 
|  48|0x000000070b400000, 0x000000070b400000, 0x000000070b600000|  0%| F|  |TAMS 0x000000070b400000, 0x000000070b400000| Untracked 
|  49|0x000000070b600000, 0x000000070b600000, 0x000000070b800000|  0%| F|  |TAMS 0x000000070b600000, 0x000000070b600000| Untracked 
|  50|0x000000070b800000, 0x000000070ba00000, 0x000000070ba00000|100%| O|  |TAMS 0x000000070b800000, 0x000000070b800000| Untracked 
|  51|0x000000070ba00000, 0x000000070bc00000, 0x000000070bc00000|100%| O|  |TAMS 0x000000070ba00000, 0x000000070ba00000| Untracked 
|  52|0x000000070bc00000, 0x000000070bc00000, 0x000000070be00000|  0%| F|  |TAMS 0x000000070bc00000, 0x000000070bc00000| Untracked 
|  53|0x000000070be00000, 0x000000070be00000, 0x000000070c000000|  0%| F|  |TAMS 0x000000070be00000, 0x000000070be00000| Untracked 
|  54|0x000000070c000000, 0x000000070c200000, 0x000000070c200000|100%| O|  |TAMS 0x000000070c000000, 0x000000070c000000| Untracked 
|  55|0x000000070c200000, 0x000000070c200000, 0x000000070c400000|  0%| F|  |TAMS 0x000000070c200000, 0x000000070c200000| Untracked 
|  56|0x000000070c400000, 0x000000070c400000, 0x000000070c600000|  0%| F|  |TAMS 0x000000070c400000, 0x000000070c400000| Untracked 
|  57|0x000000070c600000, 0x000000070c600000, 0x000000070c800000|  0%| F|  |TAMS 0x000000070c600000, 0x000000070c600000| Untracked 
|  58|0x000000070c800000, 0x000000070c800000, 0x000000070ca00000|  0%| F|  |TAMS 0x000000070c800000, 0x000000070c800000| Untracked 
|  59|0x000000070ca00000, 0x000000070ca00000, 0x000000070cc00000|  0%| F|  |TAMS 0x000000070ca00000, 0x000000070ca00000| Untracked 
|  60|0x000000070cc00000, 0x000000070cc00000, 0x000000070ce00000|  0%| F|  |TAMS 0x000000070cc00000, 0x000000070cc00000| Untracked 
|  61|0x000000070ce00000, 0x000000070ce00000, 0x000000070d000000|  0%| F|  |TAMS 0x000000070ce00000, 0x000000070ce00000| Untracked 
|  62|0x000000070d000000, 0x000000070d000000, 0x000000070d200000|  0%| F|  |TAMS 0x000000070d000000, 0x000000070d000000| Untracked 
|  63|0x000000070d200000, 0x000000070d200000, 0x000000070d400000|  0%| F|  |TAMS 0x000000070d200000, 0x000000070d200000| Untracked 
|  64|0x000000070d400000, 0x000000070d400000, 0x000000070d600000|  0%| F|  |TAMS 0x000000070d400000, 0x000000070d400000| Untracked 
|  65|0x000000070d600000, 0x000000070d600000, 0x000000070d800000|  0%| F|  |TAMS 0x000000070d600000, 0x000000070d600000| Untracked 
|  66|0x000000070d800000, 0x000000070d800000, 0x000000070da00000|  0%| F|  |TAMS 0x000000070d800000, 0x000000070d800000| Untracked 
|  67|0x000000070da00000, 0x000000070da00000, 0x000000070dc00000|  0%| F|  |TAMS 0x000000070da00000, 0x000000070da00000| Untracked 
|  68|0x000000070dc00000, 0x000000070dc00000, 0x000000070de00000|  0%| F|  |TAMS 0x000000070dc00000, 0x000000070dc00000| Untracked 
|  69|0x000000070de00000, 0x000000070de00000, 0x000000070e000000|  0%| F|  |TAMS 0x000000070de00000, 0x000000070de00000| Untracked 
|  70|0x000000070e000000, 0x000000070e000000, 0x000000070e200000|  0%| F|  |TAMS 0x000000070e000000, 0x000000070e000000| Untracked 
|  71|0x000000070e200000, 0x000000070e200000, 0x000000070e400000|  0%| F|  |TAMS 0x000000070e200000, 0x000000070e200000| Untracked 
|  72|0x000000070e400000, 0x000000070e400000, 0x000000070e600000|  0%| F|  |TAMS 0x000000070e400000, 0x000000070e400000| Untracked 
|  73|0x000000070e600000, 0x000000070e600000, 0x000000070e800000|  0%| F|  |TAMS 0x000000070e600000, 0x000000070e600000| Untracked 
|  74|0x000000070e800000, 0x000000070e800000, 0x000000070ea00000|  0%| F|  |TAMS 0x000000070e800000, 0x000000070e800000| Untracked 
|  75|0x000000070ea00000, 0x000000070ea00000, 0x000000070ec00000|  0%| F|  |TAMS 0x000000070ea00000, 0x000000070ea00000| Untracked 
|  76|0x000000070ec00000, 0x000000070ec00000, 0x000000070ee00000|  0%| F|  |TAMS 0x000000070ec00000, 0x000000070ec00000| Untracked 
|  77|0x000000070ee00000, 0x000000070ee00000, 0x000000070f000000|  0%| F|  |TAMS 0x000000070ee00000, 0x000000070ee00000| Untracked 
|  78|0x000000070f000000, 0x000000070f000000, 0x000000070f200000|  0%| F|  |TAMS 0x000000070f000000, 0x000000070f000000| Untracked 
|  79|0x000000070f200000, 0x000000070f200000, 0x000000070f400000|  0%| F|  |TAMS 0x000000070f200000, 0x000000070f200000| Untracked 
|  80|0x000000070f400000, 0x000000070f400000, 0x000000070f600000|  0%| F|  |TAMS 0x000000070f400000, 0x000000070f400000| Untracked 
|  81|0x000000070f600000, 0x000000070f600000, 0x000000070f800000|  0%| F|  |TAMS 0x000000070f600000, 0x000000070f600000| Untracked 
|  82|0x000000070f800000, 0x000000070f800000, 0x000000070fa00000|  0%| F|  |TAMS 0x000000070f800000, 0x000000070f800000| Untracked 
|  83|0x000000070fa00000, 0x000000070fa00000, 0x000000070fc00000|  0%| F|  |TAMS 0x000000070fa00000, 0x000000070fa00000| Untracked 
|  84|0x000000070fc00000, 0x000000070fc00000, 0x000000070fe00000|  0%| F|  |TAMS 0x000000070fc00000, 0x000000070fc00000| Untracked 
|  85|0x000000070fe00000, 0x000000070fe00000, 0x0000000710000000|  0%| F|  |TAMS 0x000000070fe00000, 0x000000070fe00000| Untracked 
|  86|0x0000000710000000, 0x0000000710000000, 0x0000000710200000|  0%| F|  |TAMS 0x0000000710000000, 0x0000000710000000| Untracked 
|  87|0x0000000710200000, 0x0000000710200000, 0x0000000710400000|  0%| F|  |TAMS 0x0000000710200000, 0x0000000710200000| Untracked 
|  88|0x0000000710400000, 0x0000000710400000, 0x0000000710600000|  0%| F|  |TAMS 0x0000000710400000, 0x0000000710400000| Untracked 
|  89|0x0000000710600000, 0x0000000710600000, 0x0000000710800000|  0%| F|  |TAMS 0x0000000710600000, 0x0000000710600000| Untracked 
|  90|0x0000000710800000, 0x0000000710800000, 0x0000000710a00000|  0%| F|  |TAMS 0x0000000710800000, 0x0000000710800000| Untracked 
|  91|0x0000000710a00000, 0x0000000710a00000, 0x0000000710c00000|  0%| F|  |TAMS 0x0000000710a00000, 0x0000000710a00000| Untracked 
|  92|0x0000000710c00000, 0x0000000710e00000, 0x0000000710e00000|100%| O|  |TAMS 0x0000000710e00000, 0x0000000710c00000| Untracked 
|  93|0x0000000710e00000, 0x0000000711000000, 0x0000000711000000|100%| O|  |TAMS 0x0000000711000000, 0x0000000710e00000| Untracked 
|  94|0x0000000711000000, 0x0000000711200000, 0x0000000711200000|100%| O|  |TAMS 0x00000007111aac00, 0x0000000711000000| Untracked 
|  95|0x0000000711200000, 0x0000000711400000, 0x0000000711400000|100%| O|  |TAMS 0x0000000711200000, 0x0000000711200000| Untracked 
|  96|0x0000000711400000, 0x0000000711400000, 0x0000000711600000|  0%| F|  |TAMS 0x0000000711400000, 0x0000000711400000| Untracked 
|  97|0x0000000711600000, 0x0000000711600000, 0x0000000711800000|  0%| F|  |TAMS 0x0000000711600000, 0x0000000711600000| Untracked 
|  98|0x0000000711800000, 0x0000000711902448, 0x0000000711a00000| 50%| S|CS|TAMS 0x0000000711800000, 0x0000000711800000| Complete 
|  99|0x0000000711a00000, 0x0000000711c00000, 0x0000000711c00000|100%| S|CS|TAMS 0x0000000711a00000, 0x0000000711a00000| Complete 
| 100|0x0000000711c00000, 0x0000000711c00000, 0x0000000711e00000|  0%| F|  |TAMS 0x0000000711c00000, 0x0000000711c00000| Untracked 
| 101|0x0000000711e00000, 0x0000000711e00000, 0x0000000712000000|  0%| F|  |TAMS 0x0000000711e00000, 0x0000000711e00000| Untracked 
| 102|0x0000000712000000, 0x0000000712000000, 0x0000000712200000|  0%| F|  |TAMS 0x0000000712000000, 0x0000000712000000| Untracked 
| 103|0x0000000712200000, 0x0000000712200000, 0x0000000712400000|  0%| F|  |TAMS 0x0000000712200000, 0x0000000712200000| Untracked 
| 104|0x0000000712400000, 0x0000000712400000, 0x0000000712600000|  0%| F|  |TAMS 0x0000000712400000, 0x0000000712400000| Untracked 
| 105|0x0000000712600000, 0x0000000712600000, 0x0000000712800000|  0%| F|  |TAMS 0x0000000712600000, 0x0000000712600000| Untracked 
| 106|0x0000000712800000, 0x0000000712800000, 0x0000000712a00000|  0%| F|  |TAMS 0x0000000712800000, 0x0000000712800000| Untracked 
| 107|0x0000000712a00000, 0x0000000712a00000, 0x0000000712c00000|  0%| F|  |TAMS 0x0000000712a00000, 0x0000000712a00000| Untracked 
| 108|0x0000000712c00000, 0x0000000712c00000, 0x0000000712e00000|  0%| F|  |TAMS 0x0000000712c00000, 0x0000000712c00000| Untracked 
| 109|0x0000000712e00000, 0x0000000712e00000, 0x0000000713000000|  0%| F|  |TAMS 0x0000000712e00000, 0x0000000712e00000| Untracked 
| 110|0x0000000713000000, 0x0000000713000000, 0x0000000713200000|  0%| F|  |TAMS 0x0000000713000000, 0x0000000713000000| Untracked 
| 111|0x0000000713200000, 0x0000000713200000, 0x0000000713400000|  0%| F|  |TAMS 0x0000000713200000, 0x0000000713200000| Untracked 
| 112|0x0000000713400000, 0x0000000713400000, 0x0000000713600000|  0%| F|  |TAMS 0x0000000713400000, 0x0000000713400000| Untracked 
| 113|0x0000000713600000, 0x0000000713600000, 0x0000000713800000|  0%| F|  |TAMS 0x0000000713600000, 0x0000000713600000| Untracked 
| 114|0x0000000713800000, 0x0000000713800000, 0x0000000713a00000|  0%| F|  |TAMS 0x0000000713800000, 0x0000000713800000| Untracked 
| 115|0x0000000713a00000, 0x0000000713a00000, 0x0000000713c00000|  0%| F|  |TAMS 0x0000000713a00000, 0x0000000713a00000| Untracked 
| 116|0x0000000713c00000, 0x0000000713c00000, 0x0000000713e00000|  0%| F|  |TAMS 0x0000000713c00000, 0x0000000713c00000| Untracked 
| 117|0x0000000713e00000, 0x0000000713e00000, 0x0000000714000000|  0%| F|  |TAMS 0x0000000713e00000, 0x0000000713e00000| Untracked 
| 118|0x0000000714000000, 0x0000000714000000, 0x0000000714200000|  0%| F|  |TAMS 0x0000000714000000, 0x0000000714000000| Untracked 
| 119|0x0000000714200000, 0x0000000714200000, 0x0000000714400000|  0%| F|  |TAMS 0x0000000714200000, 0x0000000714200000| Untracked 
| 120|0x0000000714400000, 0x0000000714400000, 0x0000000714600000|  0%| F|  |TAMS 0x0000000714400000, 0x0000000714400000| Untracked 
| 121|0x0000000714600000, 0x0000000714600000, 0x0000000714800000|  0%| F|  |TAMS 0x0000000714600000, 0x0000000714600000| Untracked 
| 122|0x0000000714800000, 0x0000000714800000, 0x0000000714a00000|  0%| F|  |TAMS 0x0000000714800000, 0x0000000714800000| Untracked 
| 123|0x0000000714a00000, 0x0000000714a00000, 0x0000000714c00000|  0%| F|  |TAMS 0x0000000714a00000, 0x0000000714a00000| Untracked 
| 124|0x0000000714c00000, 0x0000000714c00000, 0x0000000714e00000|  0%| F|  |TAMS 0x0000000714c00000, 0x0000000714c00000| Untracked 
| 125|0x0000000714e00000, 0x0000000714e00000, 0x0000000715000000|  0%| F|  |TAMS 0x0000000714e00000, 0x0000000714e00000| Untracked 
| 126|0x0000000715000000, 0x0000000715000000, 0x0000000715200000|  0%| F|  |TAMS 0x0000000715000000, 0x0000000715000000| Untracked 
| 127|0x0000000715200000, 0x0000000715200000, 0x0000000715400000|  0%| F|  |TAMS 0x0000000715200000, 0x0000000715200000| Untracked 
| 128|0x0000000715400000, 0x0000000715400000, 0x0000000715600000|  0%| F|  |TAMS 0x0000000715400000, 0x0000000715400000| Untracked 
| 129|0x0000000715600000, 0x0000000715600000, 0x0000000715800000|  0%| F|  |TAMS 0x0000000715600000, 0x0000000715600000| Untracked 
| 130|0x0000000715800000, 0x0000000715800000, 0x0000000715a00000|  0%| F|  |TAMS 0x0000000715800000, 0x0000000715800000| Untracked 
| 131|0x0000000715a00000, 0x0000000715a00000, 0x0000000715c00000|  0%| F|  |TAMS 0x0000000715a00000, 0x0000000715a00000| Untracked 
| 132|0x0000000715c00000, 0x0000000715c00000, 0x0000000715e00000|  0%| F|  |TAMS 0x0000000715c00000, 0x0000000715c00000| Untracked 
| 133|0x0000000715e00000, 0x0000000715e00000, 0x0000000716000000|  0%| F|  |TAMS 0x0000000715e00000, 0x0000000715e00000| Untracked 
| 134|0x0000000716000000, 0x0000000716000000, 0x0000000716200000|  0%| F|  |TAMS 0x0000000716000000, 0x0000000716000000| Untracked 
| 135|0x0000000716200000, 0x0000000716200000, 0x0000000716400000|  0%| F|  |TAMS 0x0000000716200000, 0x0000000716200000| Untracked 
| 136|0x0000000716400000, 0x0000000716400000, 0x0000000716600000|  0%| F|  |TAMS 0x0000000716400000, 0x0000000716400000| Untracked 
| 137|0x0000000716600000, 0x0000000716600000, 0x0000000716800000|  0%| F|  |TAMS 0x0000000716600000, 0x0000000716600000| Untracked 
| 138|0x0000000716800000, 0x0000000716800000, 0x0000000716a00000|  0%| F|  |TAMS 0x0000000716800000, 0x0000000716800000| Untracked 
| 139|0x0000000716a00000, 0x0000000716a00000, 0x0000000716c00000|  0%| F|  |TAMS 0x0000000716a00000, 0x0000000716a00000| Untracked 
| 140|0x0000000716c00000, 0x0000000716c00000, 0x0000000716e00000|  0%| F|  |TAMS 0x0000000716c00000, 0x0000000716c00000| Untracked 
| 141|0x0000000716e00000, 0x0000000716e00000, 0x0000000717000000|  0%| F|  |TAMS 0x0000000716e00000, 0x0000000716e00000| Untracked 
| 142|0x0000000717000000, 0x0000000717000000, 0x0000000717200000|  0%| F|  |TAMS 0x0000000717000000, 0x0000000717000000| Untracked 
| 143|0x0000000717200000, 0x0000000717200000, 0x0000000717400000|  0%| F|  |TAMS 0x0000000717200000, 0x0000000717200000| Untracked 
| 144|0x0000000717400000, 0x0000000717400000, 0x0000000717600000|  0%| F|  |TAMS 0x0000000717400000, 0x0000000717400000| Untracked 
| 145|0x0000000717600000, 0x0000000717600000, 0x0000000717800000|  0%| F|  |TAMS 0x0000000717600000, 0x0000000717600000| Untracked 
| 146|0x0000000717800000, 0x0000000717800000, 0x0000000717a00000|  0%| F|  |TAMS 0x0000000717800000, 0x0000000717800000| Untracked 
| 147|0x0000000717a00000, 0x0000000717a00000, 0x0000000717c00000|  0%| F|  |TAMS 0x0000000717a00000, 0x0000000717a00000| Untracked 
| 148|0x0000000717c00000, 0x0000000717c00000, 0x0000000717e00000|  0%| F|  |TAMS 0x0000000717c00000, 0x0000000717c00000| Untracked 
| 149|0x0000000717e00000, 0x0000000717e00000, 0x0000000718000000|  0%| F|  |TAMS 0x0000000717e00000, 0x0000000717e00000| Untracked 
| 150|0x0000000718000000, 0x0000000718000000, 0x0000000718200000|  0%| F|  |TAMS 0x0000000718000000, 0x0000000718000000| Untracked 
| 151|0x0000000718200000, 0x0000000718200000, 0x0000000718400000|  0%| F|  |TAMS 0x0000000718200000, 0x0000000718200000| Untracked 
| 152|0x0000000718400000, 0x0000000718400000, 0x0000000718600000|  0%| F|  |TAMS 0x0000000718400000, 0x0000000718400000| Untracked 
| 153|0x0000000718600000, 0x0000000718600000, 0x0000000718800000|  0%| F|  |TAMS 0x0000000718600000, 0x0000000718600000| Untracked 
| 154|0x0000000718800000, 0x0000000718800000, 0x0000000718a00000|  0%| F|  |TAMS 0x0000000718800000, 0x0000000718800000| Untracked 
| 155|0x0000000718a00000, 0x0000000718a00000, 0x0000000718c00000|  0%| F|  |TAMS 0x0000000718a00000, 0x0000000718a00000| Untracked 
| 156|0x0000000718c00000, 0x0000000718c00000, 0x0000000718e00000|  0%| F|  |TAMS 0x0000000718c00000, 0x0000000718c00000| Untracked 
| 157|0x0000000718e00000, 0x0000000718e00000, 0x0000000719000000|  0%| F|  |TAMS 0x0000000718e00000, 0x0000000718e00000| Untracked 
| 158|0x0000000719000000, 0x0000000719000000, 0x0000000719200000|  0%| F|  |TAMS 0x0000000719000000, 0x0000000719000000| Untracked 
| 159|0x0000000719200000, 0x0000000719200000, 0x0000000719400000|  0%| F|  |TAMS 0x0000000719200000, 0x0000000719200000| Untracked 
| 160|0x0000000719400000, 0x0000000719400000, 0x0000000719600000|  0%| F|  |TAMS 0x0000000719400000, 0x0000000719400000| Untracked 
| 161|0x0000000719600000, 0x0000000719600000, 0x0000000719800000|  0%| F|  |TAMS 0x0000000719600000, 0x0000000719600000| Untracked 
| 162|0x0000000719800000, 0x0000000719800000, 0x0000000719a00000|  0%| F|  |TAMS 0x0000000719800000, 0x0000000719800000| Untracked 
| 163|0x0000000719a00000, 0x0000000719a00000, 0x0000000719c00000|  0%| F|  |TAMS 0x0000000719a00000, 0x0000000719a00000| Untracked 
| 164|0x0000000719c00000, 0x0000000719c00000, 0x0000000719e00000|  0%| F|  |TAMS 0x0000000719c00000, 0x0000000719c00000| Untracked 
| 165|0x0000000719e00000, 0x0000000719e00000, 0x000000071a000000|  0%| F|  |TAMS 0x0000000719e00000, 0x0000000719e00000| Untracked 
| 166|0x000000071a000000, 0x000000071a000000, 0x000000071a200000|  0%| F|  |TAMS 0x000000071a000000, 0x000000071a000000| Untracked 
| 167|0x000000071a200000, 0x000000071a200000, 0x000000071a400000|  0%| F|  |TAMS 0x000000071a200000, 0x000000071a200000| Untracked 
| 168|0x000000071a400000, 0x000000071a400000, 0x000000071a600000|  0%| F|  |TAMS 0x000000071a400000, 0x000000071a400000| Untracked 
| 169|0x000000071a600000, 0x000000071a600000, 0x000000071a800000|  0%| F|  |TAMS 0x000000071a600000, 0x000000071a600000| Untracked 
| 170|0x000000071a800000, 0x000000071a800000, 0x000000071aa00000|  0%| F|  |TAMS 0x000000071a800000, 0x000000071a800000| Untracked 
| 171|0x000000071aa00000, 0x000000071aa00000, 0x000000071ac00000|  0%| F|  |TAMS 0x000000071aa00000, 0x000000071aa00000| Untracked 
| 172|0x000000071ac00000, 0x000000071ac00000, 0x000000071ae00000|  0%| F|  |TAMS 0x000000071ac00000, 0x000000071ac00000| Untracked 
| 173|0x000000071ae00000, 0x000000071ae00000, 0x000000071b000000|  0%| F|  |TAMS 0x000000071ae00000, 0x000000071ae00000| Untracked 
| 174|0x000000071b000000, 0x000000071b000000, 0x000000071b200000|  0%| F|  |TAMS 0x000000071b000000, 0x000000071b000000| Untracked 
| 175|0x000000071b200000, 0x000000071b200000, 0x000000071b400000|  0%| F|  |TAMS 0x000000071b200000, 0x000000071b200000| Untracked 
| 176|0x000000071b400000, 0x000000071b400000, 0x000000071b600000|  0%| F|  |TAMS 0x000000071b400000, 0x000000071b400000| Untracked 
| 177|0x000000071b600000, 0x000000071b600000, 0x000000071b800000|  0%| F|  |TAMS 0x000000071b600000, 0x000000071b600000| Untracked 
| 178|0x000000071b800000, 0x000000071b800000, 0x000000071ba00000|  0%| F|  |TAMS 0x000000071b800000, 0x000000071b800000| Untracked 
| 179|0x000000071ba00000, 0x000000071ba00000, 0x000000071bc00000|  0%| F|  |TAMS 0x000000071ba00000, 0x000000071ba00000| Untracked 
| 180|0x000000071bc00000, 0x000000071bc00000, 0x000000071be00000|  0%| F|  |TAMS 0x000000071bc00000, 0x000000071bc00000| Untracked 
| 181|0x000000071be00000, 0x000000071be00000, 0x000000071c000000|  0%| F|  |TAMS 0x000000071be00000, 0x000000071be00000| Untracked 
| 182|0x000000071c000000, 0x000000071c000000, 0x000000071c200000|  0%| F|  |TAMS 0x000000071c000000, 0x000000071c000000| Untracked 
| 183|0x000000071c200000, 0x000000071c200000, 0x000000071c400000|  0%| F|  |TAMS 0x000000071c200000, 0x000000071c200000| Untracked 
| 184|0x000000071c400000, 0x000000071c400000, 0x000000071c600000|  0%| F|  |TAMS 0x000000071c400000, 0x000000071c400000| Untracked 
| 185|0x000000071c600000, 0x000000071c600000, 0x000000071c800000|  0%| F|  |TAMS 0x000000071c600000, 0x000000071c600000| Untracked 
| 186|0x000000071c800000, 0x000000071c800000, 0x000000071ca00000|  0%| F|  |TAMS 0x000000071c800000, 0x000000071c800000| Untracked 
| 187|0x000000071ca00000, 0x000000071ca00000, 0x000000071cc00000|  0%| F|  |TAMS 0x000000071ca00000, 0x000000071ca00000| Untracked 
| 188|0x000000071cc00000, 0x000000071cc00000, 0x000000071ce00000|  0%| F|  |TAMS 0x000000071cc00000, 0x000000071cc00000| Untracked 
| 189|0x000000071ce00000, 0x000000071ce00000, 0x000000071d000000|  0%| F|  |TAMS 0x000000071ce00000, 0x000000071ce00000| Untracked 
| 190|0x000000071d000000, 0x000000071d000000, 0x000000071d200000|  0%| F|  |TAMS 0x000000071d000000, 0x000000071d000000| Untracked 
| 191|0x000000071d200000, 0x000000071d200000, 0x000000071d400000|  0%| F|  |TAMS 0x000000071d200000, 0x000000071d200000| Untracked 
| 192|0x000000071d400000, 0x000000071d400000, 0x000000071d600000|  0%| F|  |TAMS 0x000000071d400000, 0x000000071d400000| Untracked 
| 193|0x000000071d600000, 0x000000071d600000, 0x000000071d800000|  0%| F|  |TAMS 0x000000071d600000, 0x000000071d600000| Untracked 
| 194|0x000000071d800000, 0x000000071d800000, 0x000000071da00000|  0%| F|  |TAMS 0x000000071d800000, 0x000000071d800000| Untracked 
| 195|0x000000071da00000, 0x000000071da00000, 0x000000071dc00000|  0%| F|  |TAMS 0x000000071da00000, 0x000000071da00000| Untracked 
| 196|0x000000071dc00000, 0x000000071dc00000, 0x000000071de00000|  0%| F|  |TAMS 0x000000071dc00000, 0x000000071dc00000| Untracked 
| 197|0x000000071de00000, 0x000000071de00000, 0x000000071e000000|  0%| F|  |TAMS 0x000000071de00000, 0x000000071de00000| Untracked 
| 198|0x000000071e000000, 0x000000071e000000, 0x000000071e200000|  0%| F|  |TAMS 0x000000071e000000, 0x000000071e000000| Untracked 
| 199|0x000000071e200000, 0x000000071e200000, 0x000000071e400000|  0%| F|  |TAMS 0x000000071e200000, 0x000000071e200000| Untracked 
| 200|0x000000071e400000, 0x000000071e400000, 0x000000071e600000|  0%| F|  |TAMS 0x000000071e400000, 0x000000071e400000| Untracked 
| 201|0x000000071e600000, 0x000000071e600000, 0x000000071e800000|  0%| F|  |TAMS 0x000000071e600000, 0x000000071e600000| Untracked 
| 202|0x000000071e800000, 0x000000071e800000, 0x000000071ea00000|  0%| F|  |TAMS 0x000000071e800000, 0x000000071e800000| Untracked 
| 203|0x000000071ea00000, 0x000000071ea00000, 0x000000071ec00000|  0%| F|  |TAMS 0x000000071ea00000, 0x000000071ea00000| Untracked 
| 204|0x000000071ec00000, 0x000000071ec00000, 0x000000071ee00000|  0%| F|  |TAMS 0x000000071ec00000, 0x000000071ec00000| Untracked 
| 205|0x000000071ee00000, 0x000000071ee00000, 0x000000071f000000|  0%| F|  |TAMS 0x000000071ee00000, 0x000000071ee00000| Untracked 
| 206|0x000000071f000000, 0x000000071f000000, 0x000000071f200000|  0%| F|  |TAMS 0x000000071f000000, 0x000000071f000000| Untracked 
| 207|0x000000071f200000, 0x000000071f3c8e30, 0x000000071f400000| 89%| E|  |TAMS 0x000000071f200000, 0x000000071f200000| Complete 
| 208|0x000000071f400000, 0x000000071f600000, 0x000000071f600000|100%| E|CS|TAMS 0x000000071f400000, 0x000000071f400000| Complete 
| 209|0x000000071f600000, 0x000000071f800000, 0x000000071f800000|100%| E|CS|TAMS 0x000000071f600000, 0x000000071f600000| Complete 
| 210|0x000000071f800000, 0x000000071fa00000, 0x000000071fa00000|100%| E|CS|TAMS 0x000000071f800000, 0x000000071f800000| Complete 
| 211|0x000000071fa00000, 0x000000071fc00000, 0x000000071fc00000|100%| E|CS|TAMS 0x000000071fa00000, 0x000000071fa00000| Complete 
| 212|0x000000071fc00000, 0x000000071fe00000, 0x000000071fe00000|100%| E|CS|TAMS 0x000000071fc00000, 0x000000071fc00000| Complete 
| 213|0x000000071fe00000, 0x0000000720000000, 0x0000000720000000|100%| E|CS|TAMS 0x000000071fe00000, 0x000000071fe00000| Complete 
| 214|0x0000000720000000, 0x0000000720200000, 0x0000000720200000|100%| E|CS|TAMS 0x0000000720000000, 0x0000000720000000| Complete 
| 215|0x0000000720200000, 0x0000000720400000, 0x0000000720400000|100%| E|CS|TAMS 0x0000000720200000, 0x0000000720200000| Complete 
| 216|0x0000000720400000, 0x0000000720600000, 0x0000000720600000|100%| E|CS|TAMS 0x0000000720400000, 0x0000000720400000| Complete 
| 217|0x0000000720600000, 0x0000000720800000, 0x0000000720800000|100%| E|CS|TAMS 0x0000000720600000, 0x0000000720600000| Complete 
| 218|0x0000000720800000, 0x0000000720a00000, 0x0000000720a00000|100%| E|CS|TAMS 0x0000000720800000, 0x0000000720800000| Complete 
| 219|0x0000000720a00000, 0x0000000720c00000, 0x0000000720c00000|100%| E|CS|TAMS 0x0000000720a00000, 0x0000000720a00000| Complete 
| 220|0x0000000720c00000, 0x0000000720e00000, 0x0000000720e00000|100%| E|CS|TAMS 0x0000000720c00000, 0x0000000720c00000| Complete 
| 221|0x0000000720e00000, 0x0000000721000000, 0x0000000721000000|100%| E|CS|TAMS 0x0000000720e00000, 0x0000000720e00000| Complete 
| 222|0x0000000721000000, 0x0000000721200000, 0x0000000721200000|100%| E|CS|TAMS 0x0000000721000000, 0x0000000721000000| Complete 
| 223|0x0000000721200000, 0x0000000721400000, 0x0000000721400000|100%| E|CS|TAMS 0x0000000721200000, 0x0000000721200000| Complete 
| 224|0x0000000721400000, 0x0000000721600000, 0x0000000721600000|100%| E|CS|TAMS 0x0000000721400000, 0x0000000721400000| Complete 
| 225|0x0000000721600000, 0x0000000721800000, 0x0000000721800000|100%| E|CS|TAMS 0x0000000721600000, 0x0000000721600000| Complete 
| 226|0x0000000721800000, 0x0000000721a00000, 0x0000000721a00000|100%| E|CS|TAMS 0x0000000721800000, 0x0000000721800000| Complete 
| 227|0x0000000721a00000, 0x0000000721c00000, 0x0000000721c00000|100%| E|CS|TAMS 0x0000000721a00000, 0x0000000721a00000| Complete 
| 228|0x0000000721c00000, 0x0000000721e00000, 0x0000000721e00000|100%| E|CS|TAMS 0x0000000721c00000, 0x0000000721c00000| Complete 
| 229|0x0000000721e00000, 0x0000000722000000, 0x0000000722000000|100%| E|CS|TAMS 0x0000000721e00000, 0x0000000721e00000| Complete 
| 230|0x0000000722000000, 0x0000000722200000, 0x0000000722200000|100%| E|CS|TAMS 0x0000000722000000, 0x0000000722000000| Complete 
| 231|0x0000000722200000, 0x0000000722400000, 0x0000000722400000|100%| E|CS|TAMS 0x0000000722200000, 0x0000000722200000| Complete 
| 232|0x0000000722400000, 0x0000000722600000, 0x0000000722600000|100%| E|CS|TAMS 0x0000000722400000, 0x0000000722400000| Complete 

Card table byte_map: [0x000002252cc60000,0x000002252d440000] _byte_map_base: 0x0000022529436000

Marking Bits (Prev, Next): (CMBitMap*) 0x0000022514f31a40, (CMBitMap*) 0x0000022514f31a80
 Prev Bits: [0x000002252dc20000, 0x0000022531ad0000)
 Next Bits: [0x0000022531ad0000, 0x0000022535980000)

Polling page: 0x0000022512e50000

Metaspace:

Usage:
  Non-class:     80.19 MB used.
      Class:     12.03 MB used.
       Both:     92.22 MB used.

Virtual space:
  Non-class space:      128.00 MB reserved,      80.56 MB ( 63%) committed,  2 nodes.
      Class space:        1.00 GB reserved,      12.38 MB (  1%) committed,  1 nodes.
             Both:        1.12 GB reserved,      92.94 MB (  8%) committed. 

Chunk freelists:
   Non-Class:  15.33 MB
       Class:  3.45 MB
        Both:  18.78 MB

MaxMetaspaceSize: unlimited
CompressedClassSpaceSize: 1.00 GB
Initial GC threshold: 21.00 MB
Current GC threshold: 148.75 MB
CDS: on
MetaspaceReclaimPolicy: balanced
 - commit_granule_bytes: 65536.
 - commit_granule_words: 8192.
 - virtual_space_node_default_size: 8388608.
 - enlarge_chunks_in_place: 1.
 - new_chunks_are_fully_committed: 0.
 - uncommit_free_chunks: 1.
 - use_allocation_guard: 0.
 - handle_deallocations: 1.


Internal statistics:

num_allocs_failed_limit: 9.
num_arena_births: 1274.
num_arena_deaths: 26.
num_vsnodes_births: 3.
num_vsnodes_deaths: 0.
num_space_committed: 1487.
num_space_uncommitted: 0.
num_chunks_returned_to_freelist: 48.
num_chunks_taken_from_freelist: 4960.
num_chunk_merges: 15.
num_chunk_splits: 3402.
num_chunks_enlarged: 2444.
num_inconsistent_stats: 0.

CodeHeap 'non-profiled nmethods': size=119168Kb used=11515Kb max_used=11678Kb free=107652Kb
 bounds [0x0000022524570000, 0x00000225250e0000, 0x000002252b9d0000]
CodeHeap 'profiled nmethods': size=119104Kb used=32083Kb max_used=34603Kb free=87020Kb
 bounds [0x000002251c9d0000, 0x000002251eba0000, 0x0000022523e20000]
CodeHeap 'non-nmethods': size=7488Kb used=1408Kb max_used=3177Kb free=6079Kb
 bounds [0x0000022523e20000, 0x0000022524140000, 0x0000022524570000]
 total_blobs=16126 nmethods=15376 adapters=661
 compilation: enabled
              stopped_count=0, restarted_count=0
 full_count=0

Compilation events (20 events):
Event: 1336.887 Thread 0x0000022505a18e40 nmethod 18535% 0x0000022525080590 code [0x0000022525080720, 0x00000225250808b8]
Event: 1336.887 Thread 0x0000022505a18e40 18536       4       org.hibernate.internal.SessionFactoryImpl::getTypeConfiguration (15 bytes)
Event: 1336.889 Thread 0x0000022505a18e40 nmethod 18536 0x0000022524d7a110 code [0x0000022524d7a2a0, 0x0000022524d7a3b8]
Event: 1336.889 Thread 0x0000022505a18e40 18526   !   4       jdk.internal.reflect.GeneratedMethodAccessor17::invoke (182 bytes)
Event: 1336.892 Thread 0x0000022505a18e40 nmethod 18526 0x0000022524ec1390 code [0x0000022524ec1560, 0x0000022524ec1a28]
Event: 1336.892 Thread 0x0000022505a18e40 18525       4       org.hibernate.sql.exec.internal.JdbcSelectExecutorStandardImpl::resolveJdbcValuesSource (558 bytes)
Event: 1336.904 Thread 0x0000022505a18e40 nmethod 18525 0x0000022524f58f10 code [0x0000022524f590e0, 0x0000022524f599b8]
Event: 1336.904 Thread 0x0000022505a18e40 18527       4       org.hibernate.dialect.Dialect::addSqlHintOrComment (62 bytes)
Event: 1336.905 Thread 0x0000022505a18e40 nmethod 18527 0x0000022524ec0e10 code [0x0000022524ec0fa0, 0x0000022524ec1118]
Event: 1336.905 Thread 0x0000022505a18e40 18529   !   4       com.zaxxer.hikari.pool.HikariProxyPreparedStatement::getMaxRows (20 bytes)
Event: 1336.907 Thread 0x0000022505a18e40 nmethod 18529 0x0000022524f58710 code [0x0000022524f588a0, 0x0000022524f58b38]
Event: 1336.907 Thread 0x0000022505a18e40 18531   !   4       org.hibernate.resource.jdbc.internal.ResourceRegistryStandardImpl::close (116 bytes)
Event: 1336.917 Thread 0x0000022505a18e40 nmethod 18531 0x0000022524ba5510 code [0x0000022524ba5740, 0x0000022524ba6360]
Event: 1336.917 Thread 0x0000022505a18e40 18537       4       org.hibernate.sql.exec.spi.JdbcParameterBindings::registerParametersForEachJdbcValue (69 bytes)
Event: 1336.921 Thread 0x0000022505a15e70 nmethod 18530 0x0000022524ff5a10 code [0x0000022524ff5d80, 0x0000022524ff84e0]
Event: 1336.921 Thread 0x0000022505a15e70 18538       4       org.jboss.logging.Logger::debugf (31 bytes)
Event: 1336.923 Thread 0x0000022505a18e40 nmethod 18537 0x0000022524ba4610 code [0x0000022524ba47e0, 0x0000022524ba4d18]
Event: 1336.923 Thread 0x0000022505a18e40 18539       4       org.springframework.http.MediaType::isCompatibleWith (6 bytes)
Event: 1336.938 Thread 0x0000022505a15e70 nmethod 18538 0x0000022524ed2e10 code [0x0000022524ed30a0, 0x0000022524ed3c10]
Event: 1336.945 Thread 0x0000022505a18e40 nmethod 18539 0x0000022524ff3d10 code [0x0000022524ff3f20, 0x0000022524ff5158]

GC Heap History (20 events):
Event: 1035.882 GC heap before
{Heap before GC invocations=106 (full 0):
 garbage-first heap   total 477184K, used 384357K [0x0000000705400000, 0x0000000800000000)
  region size 2048K, 139 young (284672K), 1 survivors (2048K)
 Metaspace       used 93502K, committed 94208K, reserved 1179648K
  class space    used 12250K, committed 12608K, reserved 1048576K
}
Event: 1035.889 GC heap after
{Heap after GC invocations=107 (full 0):
 garbage-first heap   total 477184K, used 111131K [0x0000000705400000, 0x0000000800000000)
  region size 2048K, 5 young (10240K), 5 survivors (10240K)
 Metaspace       used 93502K, committed 94208K, reserved 1179648K
  class space    used 12250K, committed 12608K, reserved 1048576K
}
Event: 1069.137 GC heap before
{Heap before GC invocations=107 (full 0):
 garbage-first heap   total 477184K, used 385563K [0x0000000705400000, 0x0000000800000000)
  region size 2048K, 139 young (284672K), 5 survivors (10240K)
 Metaspace       used 93552K, committed 94336K, reserved 1179648K
  class space    used 12254K, committed 12608K, reserved 1048576K
}
Event: 1069.144 GC heap after
{Heap after GC invocations=108 (full 0):
 garbage-first heap   total 477184K, used 106618K [0x0000000705400000, 0x0000000800000000)
  region size 2048K, 3 young (6144K), 3 survivors (6144K)
 Metaspace       used 93552K, committed 94336K, reserved 1179648K
  class space    used 12254K, committed 12608K, reserved 1048576K
}
Event: 1105.947 GC heap before
{Heap before GC invocations=108 (full 0):
 garbage-first heap   total 477184K, used 385146K [0x0000000705400000, 0x0000000800000000)
  region size 2048K, 139 young (284672K), 3 survivors (6144K)
 Metaspace       used 93618K, committed 94336K, reserved 1179648K
  class space    used 12256K, committed 12608K, reserved 1048576K
}
Event: 1105.965 GC heap after
{Heap after GC invocations=109 (full 0):
 garbage-first heap   total 477184K, used 111369K [0x0000000705400000, 0x0000000800000000)
  region size 2048K, 5 young (10240K), 5 survivors (10240K)
 Metaspace       used 93618K, committed 94336K, reserved 1179648K
  class space    used 12256K, committed 12608K, reserved 1048576K
}
Event: 1138.685 GC heap before
{Heap before GC invocations=109 (full 0):
 garbage-first heap   total 477184K, used 385801K [0x0000000705400000, 0x0000000800000000)
  region size 2048K, 139 young (284672K), 5 survivors (10240K)
 Metaspace       used 93683K, committed 94400K, reserved 1179648K
  class space    used 12256K, committed 12608K, reserved 1048576K
}
Event: 1138.694 GC heap after
{Heap after GC invocations=110 (full 0):
 garbage-first heap   total 477184K, used 111836K [0x0000000705400000, 0x0000000800000000)
  region size 2048K, 6 young (12288K), 6 survivors (12288K)
 Metaspace       used 93683K, committed 94400K, reserved 1179648K
  class space    used 12256K, committed 12608K, reserved 1048576K
}
Event: 1175.505 GC heap before
{Heap before GC invocations=110 (full 0):
 garbage-first heap   total 477184K, used 384220K [0x0000000705400000, 0x0000000800000000)
  region size 2048K, 139 young (284672K), 6 survivors (12288K)
 Metaspace       used 93684K, committed 94400K, reserved 1179648K
  class space    used 12256K, committed 12608K, reserved 1048576K
}
Event: 1175.515 GC heap after
{Heap after GC invocations=111 (full 0):
 garbage-first heap   total 477184K, used 107050K [0x0000000705400000, 0x0000000800000000)
  region size 2048K, 3 young (6144K), 3 survivors (6144K)
 Metaspace       used 93684K, committed 94400K, reserved 1179648K
  class space    used 12256K, committed 12608K, reserved 1048576K
}
Event: 1208.813 GC heap before
{Heap before GC invocations=111 (full 0):
 garbage-first heap   total 477184K, used 385578K [0x0000000705400000, 0x0000000800000000)
  region size 2048K, 139 young (284672K), 3 survivors (6144K)
 Metaspace       used 93703K, committed 94400K, reserved 1179648K
  class space    used 12256K, committed 12608K, reserved 1048576K
}
Event: 1208.816 GC heap after
{Heap after GC invocations=112 (full 0):
 garbage-first heap   total 477184K, used 103013K [0x0000000705400000, 0x0000000800000000)
  region size 2048K, 1 young (2048K), 1 survivors (2048K)
 Metaspace       used 93703K, committed 94400K, reserved 1179648K
  class space    used 12256K, committed 12608K, reserved 1048576K
}
Event: 1240.138 GC heap before
{Heap before GC invocations=112 (full 0):
 garbage-first heap   total 477184K, used 383589K [0x0000000705400000, 0x0000000800000000)
  region size 2048K, 139 young (284672K), 1 survivors (2048K)
 Metaspace       used 93939K, committed 94656K, reserved 1179648K
  class space    used 12263K, committed 12608K, reserved 1048576K
}
Event: 1240.140 GC heap after
{Heap after GC invocations=113 (full 0):
 garbage-first heap   total 477184K, used 103882K [0x0000000705400000, 0x0000000800000000)
  region size 2048K, 2 young (4096K), 2 survivors (4096K)
 Metaspace       used 93939K, committed 94656K, reserved 1179648K
  class space    used 12263K, committed 12608K, reserved 1048576K
}
Event: 1265.521 GC heap before
{Heap before GC invocations=113 (full 0):
 garbage-first heap   total 477184K, used 384458K [0x0000000705400000, 0x0000000800000000)
  region size 2048K, 139 young (284672K), 2 survivors (4096K)
 Metaspace       used 94033K, committed 94784K, reserved 1179648K
  class space    used 12264K, committed 12608K, reserved 1048576K
}
Event: 1265.524 GC heap after
{Heap after GC invocations=114 (full 0):
 garbage-first heap   total 477184K, used 104920K [0x0000000705400000, 0x0000000800000000)
  region size 2048K, 2 young (4096K), 2 survivors (4096K)
 Metaspace       used 94033K, committed 94784K, reserved 1179648K
  class space    used 12264K, committed 12608K, reserved 1048576K
}
Event: 1302.475 GC heap before
{Heap before GC invocations=114 (full 0):
 garbage-first heap   total 477184K, used 383448K [0x0000000705400000, 0x0000000800000000)
  region size 2048K, 139 young (284672K), 2 survivors (4096K)
 Metaspace       used 94366K, committed 95168K, reserved 1179648K
  class space    used 12320K, committed 12672K, reserved 1048576K
}
Event: 1302.493 GC heap after
{Heap after GC invocations=115 (full 0):
 garbage-first heap   total 477184K, used 112084K [0x0000000705400000, 0x0000000800000000)
  region size 2048K, 6 young (12288K), 6 survivors (12288K)
 Metaspace       used 94366K, committed 95168K, reserved 1179648K
  class space    used 12320K, committed 12672K, reserved 1048576K
}
Event: 1334.628 GC heap before
{Heap before GC invocations=115 (full 0):
 garbage-first heap   total 477184K, used 384468K [0x0000000705400000, 0x0000000800000000)
  region size 2048K, 139 young (284672K), 6 survivors (12288K)
 Metaspace       used 94400K, committed 95168K, reserved 1179648K
  class space    used 12320K, committed 12672K, reserved 1048576K
}
Event: 1334.631 GC heap after
{Heap after GC invocations=116 (full 0):
 garbage-first heap   total 477184K, used 104482K [0x0000000705400000, 0x0000000800000000)
  region size 2048K, 2 young (4096K), 2 survivors (4096K)
 Metaspace       used 94400K, committed 95168K, reserved 1179648K
  class space    used 12320K, committed 12672K, reserved 1048576K
}

Dll operation events (14 events):
Event: 0.006 Loaded shared library C:\Users\1945p\.jdks\corretto-17.0.12\bin\java.dll
Event: 0.022 Loaded shared library C:\Users\1945p\.jdks\corretto-17.0.12\bin\jsvml.dll
Event: 0.128 Loaded shared library C:\Users\1945p\.jdks\corretto-17.0.12\bin\zip.dll
Event: 0.131 Loaded shared library C:\Users\1945p\.jdks\corretto-17.0.12\bin\instrument.dll
Event: 0.134 Loaded shared library C:\Users\1945p\.jdks\corretto-17.0.12\bin\net.dll
Event: 0.135 Loaded shared library C:\Users\1945p\.jdks\corretto-17.0.12\bin\nio.dll
Event: 0.138 Loaded shared library C:\Users\1945p\.jdks\corretto-17.0.12\bin\zip.dll
Event: 0.291 Loaded shared library C:\Program Files\JetBrains\IntelliJ IDEA Community Edition 2024.2\bin\breakgen64.dll
Event: 0.300 Loaded shared library C:\Users\1945p\.jdks\corretto-17.0.12\bin\extnet.dll
Event: 0.318 Loaded shared library C:\Users\1945p\.jdks\corretto-17.0.12\bin\jimage.dll
Event: 0.553 Loaded shared library C:\Users\1945p\.jdks\corretto-17.0.12\bin\management.dll
Event: 0.555 Loaded shared library C:\Users\1945p\.jdks\corretto-17.0.12\bin\management_ext.dll
Event: 1.790 Loaded shared library C:\Users\1945p\.jdks\corretto-17.0.12\bin\sunmscapi.dll
Event: 6.299 Loaded shared library C:\Users\1945p\.jdks\corretto-17.0.12\bin\verify.dll

Deoptimization events (20 events):
Event: 1272.326 Thread 0x0000022505a48d20 Uncommon trap: trap_request=0xffffff45 fr.pc=0x0000022524d7b370 relative=0x0000000000000ff0
Event: 1272.326 Thread 0x0000022505a48d20 Uncommon trap: reason=unstable_if action=reinterpret pc=0x0000022524d7b370 method=java.util.ServiceLoader$LazyClassPathLookupIterator.parseLine(Ljava/net/URL;Ljava/io/BufferedReader;ILjava/util/Set;)I @ 24 c2
Event: 1272.326 Thread 0x0000022505a48d20 DEOPT PACKING pc=0x0000022524d7b370 sp=0x00000061435f94c0
Event: 1272.326 Thread 0x0000022505a48d20 DEOPT UNPACKING pc=0x0000022523e769a3 sp=0x00000061435f9438 mode 2
Event: 1272.343 Thread 0x0000022505a48d20 Uncommon trap: trap_request=0xffffff45 fr.pc=0x000002252469a5b8 relative=0x0000000000000498
Event: 1272.343 Thread 0x0000022505a48d20 Uncommon trap: reason=unstable_if action=reinterpret pc=0x000002252469a5b8 method=java.lang.String.trim()Ljava/lang/String; @ 4 c2
Event: 1272.343 Thread 0x0000022505a48d20 DEOPT PACKING pc=0x000002252469a5b8 sp=0x00000061435f9820
Event: 1272.343 Thread 0x0000022505a48d20 DEOPT UNPACKING pc=0x0000022523e769a3 sp=0x00000061435f97f8 mode 2
Event: 1335.561 Thread 0x0000022505a48810 Uncommon trap: trap_request=0xffffff54 fr.pc=0x00000225250bc8dc relative=0x000000000000031c
Event: 1335.561 Thread 0x0000022505a48810 Uncommon trap: reason=speculate_null_assert action=make_not_entrant pc=0x00000225250bc8dc method=org.hibernate.internal.util.NullnessHelper.lambda$coalesceSuppliedValues$0(Ljava/lang/Object;)Ljava/lang/Boolean; @ 18 c2
Event: 1335.561 Thread 0x0000022505a48810 DEOPT PACKING pc=0x00000225250bc8dc sp=0x00000061434fad70
Event: 1335.561 Thread 0x0000022505a48810 DEOPT UNPACKING pc=0x0000022523e769a3 sp=0x00000061434fab78 mode 2
Event: 1335.585 Thread 0x0000022505a48810 Uncommon trap: trap_request=0xffffff54 fr.pc=0x00000225250bae60 relative=0x0000000000000140
Event: 1335.585 Thread 0x0000022505a48810 Uncommon trap: reason=speculate_null_assert action=make_not_entrant pc=0x00000225250bae60 method=org.hibernate.internal.util.NullnessHelper.lambda$coalesceSuppliedValues$0(Ljava/lang/Object;)Ljava/lang/Boolean; @ 18 c2
Event: 1335.585 Thread 0x0000022505a48810 DEOPT PACKING pc=0x00000225250bae60 sp=0x00000061434f7d10
Event: 1335.585 Thread 0x0000022505a48810 DEOPT UNPACKING pc=0x0000022523e769a3 sp=0x00000061434f7bd0 mode 2
Event: 1336.905 Thread 0x0000022505a4cef0 Uncommon trap: trap_request=0xffffff54 fr.pc=0x0000022524f59518 relative=0x0000000000000438
Event: 1336.905 Thread 0x0000022505a4cef0 Uncommon trap: reason=speculate_null_assert action=make_not_entrant pc=0x0000022524f59518 method=org.hibernate.internal.util.NullnessHelper.lambda$coalesceSuppliedValues$0(Ljava/lang/Object;)Ljava/lang/Boolean; @ 18 c2
Event: 1336.905 Thread 0x0000022505a4cef0 DEOPT PACKING pc=0x0000022524f59518 sp=0x00000061432f7570
Event: 1336.905 Thread 0x0000022505a4cef0 DEOPT UNPACKING pc=0x0000022523e769a3 sp=0x00000061432f7268 mode 2

Classes loaded (20 events):
Event: 22.394 Loading class java/lang/Process$PipeInputStream
Event: 22.394 Loading class java/lang/Process$PipeInputStream done
Event: 22.395 Loading class java/lang/ProcessBuilder$NullInputStream
Event: 22.395 Loading class java/lang/ProcessBuilder$NullInputStream done
Event: 22.395 Loading class jdk/internal/event/ProcessStartEvent
Event: 22.396 Loading class jdk/internal/event/ProcessStartEvent done
Event: 53.181 Loading class java/io/PushbackInputStream
Event: 53.182 Loading class java/io/PushbackInputStream done
Event: 62.508 Loading class java/util/concurrent/atomic/Striped64$Cell
Event: 62.509 Loading class java/util/concurrent/atomic/Striped64$Cell done
Event: 63.823 Loading class java/util/function/LongSupplier
Event: 63.823 Loading class java/util/function/LongSupplier done
Event: 545.891 Loading class java/util/stream/Streams$RangeIntSpliterator
Event: 545.892 Loading class java/util/stream/Streams$RangeIntSpliterator done
Event: 545.892 Loading class java/util/stream/IntPipeline$1
Event: 545.893 Loading class java/util/stream/IntPipeline$1 done
Event: 545.893 Loading class java/util/stream/IntPipeline$1$1
Event: 545.893 Loading class java/util/stream/IntPipeline$1$1 done
Event: 903.374 Loading class java/lang/Throwable$WrappedPrintStream
Event: 903.374 Loading class java/lang/Throwable$WrappedPrintStream done

Classes unloaded (13 events):
Event: 162.930 Thread 0x00000225382889c0 Unloading class 0x000002253aa70400 'jdk/internal/reflect/GeneratedSerializationConstructorAccessor13'
Event: 162.930 Thread 0x00000225382889c0 Unloading class 0x000002253aa70000 'jdk/internal/reflect/GeneratedSerializationConstructorAccessor12'
Event: 162.930 Thread 0x00000225382889c0 Unloading class 0x000002253aa6cc00 'jdk/internal/reflect/GeneratedSerializationConstructorAccessor11'
Event: 162.930 Thread 0x00000225382889c0 Unloading class 0x000002253aa6c800 'jdk/internal/reflect/GeneratedSerializationConstructorAccessor10'
Event: 162.930 Thread 0x00000225382889c0 Unloading class 0x000002253aa6c400 'jdk/internal/reflect/GeneratedSerializationConstructorAccessor9'
Event: 162.930 Thread 0x00000225382889c0 Unloading class 0x000002253aa6c000 'jdk/internal/reflect/GeneratedSerializationConstructorAccessor8'
Event: 162.930 Thread 0x00000225382889c0 Unloading class 0x000002253aa3c400 'jdk/internal/reflect/GeneratedSerializationConstructorAccessor7'
Event: 162.930 Thread 0x00000225382889c0 Unloading class 0x000002253aa3c000 'jdk/internal/reflect/GeneratedSerializationConstructorAccessor6'
Event: 162.930 Thread 0x00000225382889c0 Unloading class 0x000002253aa2d400 'jdk/internal/reflect/GeneratedSerializationConstructorAccessor5'
Event: 162.930 Thread 0x00000225382889c0 Unloading class 0x000002253aa2cc00 'jdk/internal/reflect/GeneratedSerializationConstructorAccessor4'
Event: 162.930 Thread 0x00000225382889c0 Unloading class 0x000002253aa2c000 'jdk/internal/reflect/GeneratedSerializationConstructorAccessor3'
Event: 162.930 Thread 0x00000225382889c0 Unloading class 0x000002253aa01800 'jdk/internal/reflect/GeneratedSerializationConstructorAccessor2'
Event: 162.930 Thread 0x00000225382889c0 Unloading class 0x000002253aa01400 'jdk/internal/reflect/GeneratedSerializationConstructorAccessor1'

Classes redefined (0 events):
No events

Internal exceptions (20 events):
Event: 975.768 Thread 0x0000022505a48810 Exception <a 'sun/nio/fs/WindowsException'{0x0000000721199c78}> (0x0000000721199c78) 
thrown [s\src\hotspot\share\prims\jni.cpp, line 516]
Event: 976.477 Thread 0x0000022505a49230 Exception <a 'sun/nio/fs/WindowsException'{0x0000000722131768}> (0x0000000722131768) 
thrown [s\src\hotspot\share\prims\jni.cpp, line 516]
Event: 976.477 Thread 0x0000022505a49230 Exception <a 'sun/nio/fs/WindowsException'{0x0000000722131a68}> (0x0000000722131a68) 
thrown [s\src\hotspot\share\prims\jni.cpp, line 516]
Event: 993.878 Thread 0x0000022505a49230 Exception <a 'sun/nio/fs/WindowsException'{0x0000000716b09658}> (0x0000000716b09658) 
thrown [s\src\hotspot\share\prims\jni.cpp, line 516]
Event: 993.878 Thread 0x0000022505a49230 Exception <a 'sun/nio/fs/WindowsException'{0x0000000716b099d0}> (0x0000000716b099d0) 
thrown [s\src\hotspot\share\prims\jni.cpp, line 516]
Event: 993.878 Thread 0x0000022505a49230 Exception <a 'sun/nio/fs/WindowsException'{0x0000000716b09d30}> (0x0000000716b09d30) 
thrown [s\src\hotspot\share\prims\jni.cpp, line 516]
Event: 994.677 Thread 0x0000022505a48d20 Exception <a 'sun/nio/fs/WindowsException'{0x00000007179cad30}> (0x00000007179cad30) 
thrown [s\src\hotspot\share\prims\jni.cpp, line 516]
Event: 994.677 Thread 0x0000022505a48d20 Exception <a 'sun/nio/fs/WindowsException'{0x00000007179cb030}> (0x00000007179cb030) 
thrown [s\src\hotspot\share\prims\jni.cpp, line 516]
Event: 1069.071 Thread 0x0000022505a49740 Exception <a 'java/lang/NullPointerException'{0x0000000711d41e80}> (0x0000000711d41e80) 
thrown [s\src\hotspot\share\interpreter\linkResolver.cpp, line 1350]
Event: 1069.071 Thread 0x0000022505a49740 Exception <a 'java/lang/reflect/InvocationTargetException'{0x0000000711d42950}> (0x0000000711d42950) 
thrown [s\src\hotspot\share\runtime\reflection.cpp, line 1128]
Event: 1069.071 Thread 0x0000022505a49740 Exception <a 'java/lang/reflect/InvocationTargetException'{0x0000000711d43418}> (0x0000000711d43418) 
thrown [s\src\hotspot\share\runtime\reflection.cpp, line 1128]
Event: 1233.647 Thread 0x0000022505a4bab0 Implicit null exception at 0x0000022524fb4168 to 0x0000022524fbe4d4
Event: 1256.967 Thread 0x0000022505a48810 Exception <a 'java/lang/NullPointerException'{0x000000071837d000}> (0x000000071837d000) 
thrown [s\src\hotspot\share\interpreter\linkResolver.cpp, line 1350]
Event: 1256.967 Thread 0x0000022505a48810 Exception <a 'java/lang/reflect/InvocationTargetException'{0x000000071837dad0}> (0x000000071837dad0) 
thrown [s\src\hotspot\share\runtime\reflection.cpp, line 1128]
Event: 1256.967 Thread 0x0000022505a48810 Exception <a 'java/lang/reflect/InvocationTargetException'{0x000000071837e598}> (0x000000071837e598) 
thrown [s\src\hotspot\share\runtime\reflection.cpp, line 1128]
Event: 1272.355 Thread 0x0000022505a48d20 Exception <a 'java/lang/reflect/InvocationTargetException'{0x000000071e4163b0}> (0x000000071e4163b0) 
thrown [s\src\hotspot\share\runtime\reflection.cpp, line 1128]
Event: 1272.357 Thread 0x0000022505a48d20 Exception <a 'java/lang/reflect/InvocationTargetException'{0x000000071e426330}> (0x000000071e426330) 
thrown [s\src\hotspot\share\runtime\reflection.cpp, line 1128]
Event: 1335.592 Thread 0x0000022505a48810 Exception <a 'java/lang/NullPointerException'{0x00000007214954c8}> (0x00000007214954c8) 
thrown [s\src\hotspot\share\interpreter\linkResolver.cpp, line 1350]
Event: 1335.592 Thread 0x0000022505a48810 Exception <a 'java/lang/reflect/InvocationTargetException'{0x0000000721495f98}> (0x0000000721495f98) 
thrown [s\src\hotspot\share\runtime\reflection.cpp, line 1128]
Event: 1335.592 Thread 0x0000022505a48810 Exception <a 'java/lang/reflect/InvocationTargetException'{0x0000000721496a60}> (0x0000000721496a60) 
thrown [s\src\hotspot\share\runtime\reflection.cpp, line 1128]

VM Operations (20 events):
Event: 1273.207 Executing VM operation: Cleanup
Event: 1273.208 Executing VM operation: Cleanup done
Event: 1302.475 Executing VM operation: G1CollectForAllocation
Event: 1302.496 Executing VM operation: G1CollectForAllocation done
Event: 1322.950 Executing VM operation: HandshakeAllThreads
Event: 1322.950 Executing VM operation: HandshakeAllThreads done
Event: 1322.950 Executing VM operation: Cleanup
Event: 1322.950 Executing VM operation: Cleanup done
Event: 1332.050 Executing VM operation: Cleanup
Event: 1332.050 Executing VM operation: Cleanup done
Event: 1334.628 Executing VM operation: G1CollectForAllocation
Event: 1334.631 Executing VM operation: G1CollectForAllocation done
Event: 1335.548 Executing VM operation: HandshakeAllThreads
Event: 1335.548 Executing VM operation: HandshakeAllThreads done
Event: 1335.820 Executing VM operation: HandshakeAllThreads
Event: 1335.820 Executing VM operation: HandshakeAllThreads done
Event: 1335.820 Executing VM operation: Cleanup
Event: 1335.820 Executing VM operation: Cleanup done
Event: 1336.809 Executing VM operation: HandshakeAllThreads
Event: 1336.810 Executing VM operation: HandshakeAllThreads done

Events (20 events):
Event: 1336.832 Thread 0x00000225382ba490 flushing nmethod 0x000002251ea59690
Event: 1336.832 Thread 0x00000225382ba490 flushing nmethod 0x000002251ea5b390
Event: 1336.832 Thread 0x00000225382ba490 flushing nmethod 0x000002251ea67210
Event: 1336.832 Thread 0x00000225382ba490 flushing nmethod 0x000002251ea67890
Event: 1336.832 Thread 0x00000225382ba490 flushing nmethod 0x000002251ea68610
Event: 1336.832 Thread 0x00000225382ba490 flushing nmethod 0x000002251ea6a290
Event: 1336.832 Thread 0x00000225382ba490 flushing nmethod 0x000002251ea6ce10
Event: 1336.832 Thread 0x00000225382ba490 flushing nmethod 0x000002251ea6f510
Event: 1336.832 Thread 0x00000225382ba490 flushing nmethod 0x000002251ea73290
Event: 1336.832 Thread 0x00000225382ba490 flushing nmethod 0x000002251ea75810
Event: 1336.832 Thread 0x00000225382ba490 flushing nmethod 0x000002251ea76790
Event: 1336.832 Thread 0x00000225382ba490 flushing nmethod 0x000002251ea77b90
Event: 1336.832 Thread 0x00000225382ba490 flushing nmethod 0x000002251ea7d890
Event: 1336.832 Thread 0x00000225382ba490 flushing nmethod 0x000002251ea84690
Event: 1336.832 Thread 0x00000225382ba490 flushing nmethod 0x000002251ea84a10
Event: 1336.832 Thread 0x00000225382ba490 flushing nmethod 0x000002251ea8c690
Event: 1336.833 Thread 0x00000225382ba490 flushing nmethod 0x000002251eaaf210
Event: 1336.833 Thread 0x00000225382ba490 flushing nmethod 0x000002251ead0310
Event: 1336.833 Thread 0x00000225382ba490 flushing nmethod 0x000002251eb1e990
Event: 1336.851 Thread 0x0000022505a15e70 Thread added: 0x0000022505a15e70


Dynamic libraries:
0x00007ff64af20000 - 0x00007ff64af2e000 	C:\Users\1945p\.jdks\corretto-17.0.12\bin\java.exe
0x00007fffa1a70000 - 0x00007fffa1c87000 	C:\Windows\SYSTEM32\ntdll.dll
0x00007fff89bb0000 - 0x00007fff89bca000 	C:\Program Files\Avast Software\Avast\aswhook.dll
0x00007fffa0670000 - 0x00007fffa0734000 	C:\Windows\System32\KERNEL32.DLL
0x00007fff9f000000 - 0x00007fff9f3ad000 	C:\Windows\System32\KERNELBASE.dll
0x00007fff9ed90000 - 0x00007fff9eea1000 	C:\Windows\System32\ucrtbase.dll
0x00007fff974a0000 - 0x00007fff974b7000 	C:\Users\1945p\.jdks\corretto-17.0.12\bin\jli.dll
0x00007fff71c60000 - 0x00007fff71c7b000 	C:\Users\1945p\.jdks\corretto-17.0.12\bin\VCRUNTIME140.dll
0x00007fffa0d40000 - 0x00007fffa0eee000 	C:\Windows\System32\USER32.dll
0x00007fff9f540000 - 0x00007fff9f566000 	C:\Windows\System32\win32u.dll
0x00007fffa03f0000 - 0x00007fffa0419000 	C:\Windows\System32\GDI32.dll
0x00007fff86610000 - 0x00007fff868a3000 	C:\Windows\WinSxS\amd64_microsoft.windows.common-controls_6595b64144ccf1df_6.0.22621.3672_none_2713b9d173822955\COMCTL32.dll
0x00007fff9f3b0000 - 0x00007fff9f4c9000 	C:\Windows\System32\gdi32full.dll
0x00007fffa0b90000 - 0x00007fffa0c37000 	C:\Windows\System32\msvcrt.dll
0x00007fff9ef60000 - 0x00007fff9effa000 	C:\Windows\System32\msvcp_win.dll
0x00007fffa0ef0000 - 0x00007fffa0f21000 	C:\Windows\System32\IMM32.DLL
0x00007fff71c50000 - 0x00007fff71c5c000 	C:\Users\1945p\.jdks\corretto-17.0.12\bin\vcruntime140_1.dll
0x00007fff228b0000 - 0x00007fff2293d000 	C:\Users\1945p\.jdks\corretto-17.0.12\bin\msvcp140.dll
0x00007ffecdf90000 - 0x00007ffecebfa000 	C:\Users\1945p\.jdks\corretto-17.0.12\bin\server\jvm.dll
0x00007fffa07d0000 - 0x00007fffa0882000 	C:\Windows\System32\ADVAPI32.dll
0x00007fffa17a0000 - 0x00007fffa1849000 	C:\Windows\System32\sechost.dll
0x00007fff9eeb0000 - 0x00007fff9eed8000 	C:\Windows\System32\bcrypt.dll
0x00007fffa1910000 - 0x00007fffa1a24000 	C:\Windows\System32\RPCRT4.dll
0x00007fff9f7a0000 - 0x00007fff9f811000 	C:\Windows\System32\WS2_32.dll
0x00007fff9dbf0000 - 0x00007fff9dc3d000 	C:\Windows\SYSTEM32\POWRPROF.dll
0x00007fff8f350000 - 0x00007fff8f384000 	C:\Windows\SYSTEM32\WINMM.dll
0x00007fff94c50000 - 0x00007fff94c5a000 	C:\Windows\SYSTEM32\VERSION.dll
0x00007fff9dbd0000 - 0x00007fff9dbe3000 	C:\Windows\SYSTEM32\UMPDC.dll
0x00007fff9de90000 - 0x00007fff9dea8000 	C:\Windows\SYSTEM32\kernel.appcore.dll
0x00007fff71c40000 - 0x00007fff71c4a000 	C:\Users\1945p\.jdks\corretto-17.0.12\bin\jimage.dll
0x00007fff9c680000 - 0x00007fff9c8b2000 	C:\Windows\SYSTEM32\DBGHELP.DLL
0x00007fff9f830000 - 0x00007fff9fbbd000 	C:\Windows\System32\combase.dll
0x00007fffa0150000 - 0x00007fffa0227000 	C:\Windows\System32\OLEAUT32.dll
0x00007fff93b60000 - 0x00007fff93b92000 	C:\Windows\SYSTEM32\dbgcore.DLL
0x00007fff9eee0000 - 0x00007fff9ef5b000 	C:\Windows\System32\bcryptPrimitives.dll
0x00007fff97500000 - 0x00007fff9750e000 	C:\Users\1945p\.jdks\corretto-17.0.12\bin\instrument.dll
0x00007fff5c590000 - 0x00007fff5c5b5000 	C:\Users\1945p\.jdks\corretto-17.0.12\bin\java.dll
0x00007ffed1a50000 - 0x00007ffed1b27000 	C:\Users\1945p\.jdks\corretto-17.0.12\bin\jsvml.dll
0x00007fffa0f30000 - 0x00007fffa1798000 	C:\Windows\System32\SHELL32.dll
0x00007fff9cca0000 - 0x00007fff9d59e000 	C:\Windows\SYSTEM32\windows.storage.dll
0x00007fff9cb60000 - 0x00007fff9cc9f000 	C:\Windows\SYSTEM32\wintypes.dll
0x00007fffa0a90000 - 0x00007fffa0b89000 	C:\Windows\System32\SHCORE.dll
0x00007fffa05f0000 - 0x00007fffa064e000 	C:\Windows\System32\shlwapi.dll
0x00007fff9ecc0000 - 0x00007fff9ece1000 	C:\Windows\SYSTEM32\profapi.dll
0x00007fff543e0000 - 0x00007fff543f8000 	C:\Users\1945p\.jdks\corretto-17.0.12\bin\zip.dll
0x00007fff5c480000 - 0x00007fff5c499000 	C:\Users\1945p\.jdks\corretto-17.0.12\bin\net.dll
0x00007fff98840000 - 0x00007fff98976000 	C:\Windows\SYSTEM32\WINHTTP.dll
0x00007fff9e320000 - 0x00007fff9e389000 	C:\Windows\system32\mswsock.dll
0x00007fff54400000 - 0x00007fff54416000 	C:\Users\1945p\.jdks\corretto-17.0.12\bin\nio.dll
0x00007fff95d70000 - 0x00007fff95d8a000 	C:\Program Files\JetBrains\IntelliJ IDEA Community Edition 2024.2\bin\breakgen64.dll
0x00007fff64390000 - 0x00007fff64399000 	C:\Users\1945p\.jdks\corretto-17.0.12\bin\extnet.dll
0x00007fff677b0000 - 0x00007fff677b9000 	C:\Users\1945p\.jdks\corretto-17.0.12\bin\management.dll
0x00007fff676c0000 - 0x00007fff676cb000 	C:\Users\1945p\.jdks\corretto-17.0.12\bin\management_ext.dll
0x00007fffa1900000 - 0x00007fffa1908000 	C:\Windows\System32\PSAPI.DLL
0x00007fff95e30000 - 0x00007fff95e3e000 	C:\Users\1945p\.jdks\corretto-17.0.12\bin\sunmscapi.dll
0x00007fff9f570000 - 0x00007fff9f6d7000 	C:\Windows\System32\CRYPT32.dll
0x00007fff9e720000 - 0x00007fff9e74e000 	C:\Windows\SYSTEM32\ncrypt.dll
0x00007fff9e6e0000 - 0x00007fff9e717000 	C:\Windows\SYSTEM32\NTASN1.dll
0x00007fff9e590000 - 0x00007fff9e5ab000 	C:\Windows\SYSTEM32\CRYPTSP.dll
0x00007fff9dde0000 - 0x00007fff9de15000 	C:\Windows\system32\rsaenh.dll
0x00007fff9e420000 - 0x00007fff9e448000 	C:\Windows\SYSTEM32\USERENV.dll
0x00007fff9e580000 - 0x00007fff9e58c000 	C:\Windows\SYSTEM32\CRYPTBASE.dll
0x00007fff9d7f0000 - 0x00007fff9d81d000 	C:\Windows\SYSTEM32\IPHLPAPI.DLL
0x00007fff9f820000 - 0x00007fff9f829000 	C:\Windows\System32\NSI.dll
0x00007fff98770000 - 0x00007fff98789000 	C:\Windows\SYSTEM32\dhcpcsvc6.DLL
0x00007fff986b0000 - 0x00007fff986cf000 	C:\Windows\SYSTEM32\dhcpcsvc.DLL
0x00007fff9d820000 - 0x00007fff9d918000 	C:\Windows\SYSTEM32\DNSAPI.dll
0x00007fff627e0000 - 0x00007fff627f0000 	C:\Users\1945p\.jdks\corretto-17.0.12\bin\verify.dll
0x00007fff97d60000 - 0x00007fff97d6a000 	C:\Windows\System32\rasadhlp.dll
0x00007fff97d90000 - 0x00007fff97e13000 	C:\Windows\System32\fwpuclnt.dll
0x00007fff74bf0000 - 0x00007fff74bf8000 	C:\Windows\system32\wshunix.dll

dbghelp: loaded successfully - version: 4.0.5 - missing functions: none
symbol engine: initialized successfully - sym options: 0x614 - pdb path: .;C:\Users\1945p\.jdks\corretto-17.0.12\bin;C:\Windows\SYSTEM32;C:\Program Files\Avast Software\Avast;C:\Windows\WinSxS\amd64_microsoft.windows.common-controls_6595b64144ccf1df_6.0.22621.3672_none_2713b9d173822955;C:\Users\1945p\.jdks\corretto-17.0.12\bin\server;C:\Program Files\JetBrains\IntelliJ IDEA Community Edition 2024.2\bin

VM Arguments:
jvm_args: -javaagent:C:\Program Files\JetBrains\IntelliJ IDEA Community Edition 2024.2\lib\idea_rt.jar=9458:C:\Program Files\JetBrains\IntelliJ IDEA Community Edition 2024.2\bin -Dfile.encoding=UTF-8 
java_command: com.movie.rock.RockApplication
java_class_path (initial): D:\project\ROCK-FORNTEND\out\production\classes;D:\project\ROCK-FORNTEND\out\production\resources;C:\Users\1945p\.gradle\caches\modules-2\files-2.1\org.projectlombok\lombok\1.18.32\17d46b3e205515e1e8efd3ee4d57ce8018914163\lombok-1.18.32.jar;C:\Users\1945p\.gradle\caches\modules-2\files-2.1\org.springframework.boot\spring-boot-starter-validation\3.2.6\bfb0cd4c182992c0a272069ab69d46aba3e02502\spring-boot-starter-validation-3.2.6.jar;C:\Users\1945p\.gradle\caches\modules-2\files-2.1\org.springframework.boot\spring-boot-starter-data-jpa\3.2.6\cf69a3c85d76746b3cf1828c6bb69a07bd7a19a8\spring-boot-starter-data-jpa-3.2.6.jar;C:\Users\1945p\.gradle\caches\modules-2\files-2.1\org.springframework.boot\spring-boot-starter-security\3.2.6\96abf3a8802ac448786ebc7dac5c9f9a54bcc2ec\spring-boot-starter-security-3.2.6.jar;C:\Users\1945p\.gradle\caches\modules-2\files-2.1\org.springframework.boot\spring-boot-starter-thymeleaf\3.2.6\73ef136b3c7b192ad42891f5838573f3abe6f5\spring-boot-starter-thymeleaf-3.2.6.jar;C:\Users\1945p\.gradle\caches\modules-2\files-2.1\org.springframework.boot\spring-boot-starter-websocket\3.2.6\4aad39ceda9a71afb4ded998f53081c766ec6168\spring-boot-starter-websocket-3.2.6.jar;C:\Users\1945p\.gradle\caches\modules-2\files-2.1\org.springframework.boot\spring-boot-starter-web\3.2.6\8a06aa9bee3a1de70595a92a91b702c9923c49fc\spring-boot-starter-web-3.2.6.jar;C:\Users\1945p\.gradle\caches\modules-2\files-2.1\jakarta.xml.bind\jakarta.xml.bind-api\3.0.1\5257932df36ff3e4e6de50429dde946490a6a800\jakarta.xml.bind-api-3.0.1.jar;C:\Users\1945p\.gradle\caches\modules-2\files-2.1\org.glassfish.jaxb\jaxb-runtime\2.3.1\dd6dda9da676a54c5b36ca2806ff95ee017d8738\jaxb-runtime-2.3.1.jar;C:\Users\1945p\.gradle\caches\modules-2\files-2.1\org.springframework.boot\spring-boot-starter-mail\3.2.6\b2d20c712d993139a141412109aad484d6459761\spring-boot-starter-mail-3.2.6.jar;C:\Users\1945p\.gradle\caches\modules-2\files-2.1\jakarta.activation\jakarta.activation-api\2.
Launcher Type: SUN_STANDARD

[Global flags]
     intx CICompilerCount                          = 12                                        {product} {ergonomic}
     uint ConcGCThreads                            = 4                                         {product} {ergonomic}
     uint G1ConcRefinementThreads                  = 15                                        {product} {ergonomic}
   size_t G1HeapRegionSize                         = 2097152                                   {product} {ergonomic}
    uintx GCDrainStackTargetSize                   = 64                                        {product} {ergonomic}
   size_t InitialHeapSize                          = 264241152                                 {product} {ergonomic}
   size_t MarkStackSize                            = 4194304                                   {product} {ergonomic}
   size_t MaxHeapSize                              = 4206886912                                {product} {ergonomic}
   size_t MaxNewSize                               = 2522873856                                {product} {ergonomic}
   size_t MinHeapDeltaBytes                        = 2097152                                   {product} {ergonomic}
   size_t MinHeapSize                              = 8388608                                   {product} {ergonomic}
    uintx NonNMethodCodeHeapSize                   = 7602480                                {pd product} {ergonomic}
    uintx NonProfiledCodeHeapSize                  = 122027880                              {pd product} {ergonomic}
    uintx ProfiledCodeHeapSize                     = 122027880                              {pd product} {ergonomic}
    uintx ReservedCodeCacheSize                    = 251658240                              {pd product} {ergonomic}
     bool SegmentedCodeCache                       = true                                      {product} {ergonomic}
   size_t SoftMaxHeapSize                          = 4206886912                             {manageable} {ergonomic}
     bool UseCompressedClassPointers               = true                           {product lp64_product} {ergonomic}
     bool UseCompressedOops                        = true                           {product lp64_product} {ergonomic}
     bool UseG1GC                                  = true                                      {product} {ergonomic}
     bool UseLargePagesIndividualAllocation        = false                                  {pd product} {ergonomic}

Logging:
Log output configuration:
 #0: stdout all=warning uptime,level,tags
 #1: stderr all=off uptime,level,tags

Environment Variables:
JAVA_HOME=C:\Program Files\Java\jdk-11\
PATH=C:\Python312\Scripts\;C:\Python312\;C:\Program Files\Java\jdk-11\\bin;C:\Windows\system32;C:\Windows;C:\Windows\System32\Wbem;C:\Windows\System32\WindowsPowerShell\v1.0\;C:\Windows\System32\OpenSSH\;C:\Program Files\NVIDIA Corporation\NVIDIA NvDLISR;C:\Program Files\Bandizip\;C:\Program Files\dotnet\;C:\Program Files (x86)\NVIDIA Corporation\PhysX\Common;C:\Program Files\nodejs\;C:\ProgramData\chocolatey\bin;C:\Program Files\Git\cmd;C:\Program Files\MySQL\MySQL Shell 8.0\bin\;C:\Users\1945p\AppData\Local\Microsoft\WindowsApps;C:\Users\1945p\.dotnet\tools;C:\Users\1945p\AppData\Local\Programs\Microsoft VS Code\bin;C:\Users\1945p\AppData\Roaming\npm
USERNAME=1945p
OS=Windows_NT
PROCESSOR_IDENTIFIER=Intel64 Family 6 Model 154 Stepping 3, GenuineIntel
TMP=C:\Users\1945p\AppData\Local\Temp
TEMP=C:\Users\1945p\AppData\Local\Temp



Periodic native trim disabled


---------------  S Y S T E M  ---------------

OS:
 Windows 11 , 64 bit Build 22621 (10.0.22621.3958)
OS uptime: 8 days 22:57 hours
Hyper-V role detected

CPU: total 20 (initial active 20) (10 cores per cpu, 2 threads per core) family 6 model 154 stepping 3 microcode 0x423, cx8, cmov, fxsr, ht, mmx, 3dnowpref, sse, sse2, sse3, ssse3, sse4.1, sse4.2, popcnt, lzcnt, tsc, tscinvbit, avx, avx2, aes, erms, clmul, bmi1, bmi2, adx, sha, fma, vzeroupper, clflush, clflushopt, clwb, hv
Processor Information for processor 0
  Max Mhz: 2300, Current Mhz: 2300, Mhz Limit: 2300
Processor Information for processor 1
  Max Mhz: 2300, Current Mhz: 2300, Mhz Limit: 2300
Processor Information for processor 2
  Max Mhz: 2300, Current Mhz: 2300, Mhz Limit: 2300
Processor Information for processor 3
  Max Mhz: 2300, Current Mhz: 2300, Mhz Limit: 2300
Processor Information for processor 4
  Max Mhz: 2300, Current Mhz: 2300, Mhz Limit: 2300
Processor Information for processor 5
  Max Mhz: 2300, Current Mhz: 2300, Mhz Limit: 2300
Processor Information for processor 6
  Max Mhz: 2300, Current Mhz: 2300, Mhz Limit: 2300
Processor Information for processor 7
  Max Mhz: 2300, Current Mhz: 2300, Mhz Limit: 2300
Processor Information for processor 8
  Max Mhz: 2300, Current Mhz: 2300, Mhz Limit: 2300
Processor Information for processor 9
  Max Mhz: 2300, Current Mhz: 2300, Mhz Limit: 2300
Processor Information for processor 10
  Max Mhz: 2300, Current Mhz: 2300, Mhz Limit: 2300
Processor Information for processor 11
  Max Mhz: 2300, Current Mhz: 2300, Mhz Limit: 2300
Processor Information for processor 12
  Max Mhz: 2300, Current Mhz: 1700, Mhz Limit: 1679
Processor Information for processor 13
  Max Mhz: 2300, Current Mhz: 1700, Mhz Limit: 1679
Processor Information for processor 14
  Max Mhz: 2300, Current Mhz: 1700, Mhz Limit: 1679
Processor Information for processor 15
  Max Mhz: 2300, Current Mhz: 1700, Mhz Limit: 1679
Processor Information for processor 16
  Max Mhz: 2300, Current Mhz: 1700, Mhz Limit: 1679
Processor Information for processor 17
  Max Mhz: 2300, Current Mhz: 1700, Mhz Limit: 1679
Processor Information for processor 18
  Max Mhz: 2300, Current Mhz: 1700, Mhz Limit: 1679
Processor Information for processor 19
  Max Mhz: 2300, Current Mhz: 1700, Mhz Limit: 1679

Memory: 4k page, system-wide physical 16044M (1305M free)
TotalPageFile size 31404M (AvailPageFile size 5M)
current process WorkingSet (physical memory assigned to process): 619M, peak: 744M
current process commit charge ("private bytes"): 845M, peak: 849M

vm_info: OpenJDK 64-Bit Server VM (17.0.12+7-LTS) for windows-amd64 JRE (17.0.12+7-LTS), built on Jul 10 2024 20:46:33 by "Administrator" with MS VC++ 16.10 / 16.11 (VS2019)

END.
